<?xml version="1.0" encoding="UTF-8" ?>
<testsuites name="vitest tests" tests="2567" failures="3" errors="0" time="81.7007918">
    <testsuite name="tests/ability-activated-copy.applyEvent.test.ts" timestamp="2026-04-23T07:32:39.691Z" hostname="A2Ryzen9" tests="12" failures="0" errors="0" skipped="0" time="0.0391569">
        <testcase classname="tests/ability-activated-copy.applyEvent.test.ts" name="ability-activated copy retarget metadata via applyEvent &gt; replay pushTriggeredAbility preserves ability-activated trigger metadata" time="0.0225147">
        </testcase>
        <testcase classname="tests/ability-activated-copy.applyEvent.test.ts" name="ability-activated copy retarget metadata via applyEvent &gt; replay pushTriggeredAbility preserves tap-trigger metadata" time="0.0005266">
        </testcase>
        <testcase classname="tests/ability-activated-copy.applyEvent.test.ts" name="ability-activated copy retarget metadata via applyEvent &gt; replay pushTriggeredAbility preserves targeted trigger metadata" time="0.0002978">
        </testcase>
        <testcase classname="tests/ability-activated-copy.applyEvent.test.ts" name="ability-activated copy retarget metadata via applyEvent &gt; serializes and replays targeted ability-activated trigger metadata together" time="0.0006519">
        </testcase>
        <testcase classname="tests/ability-activated-copy.applyEvent.test.ts" name="ability-activated copy retarget metadata via applyEvent &gt; replay pushTriggeredAbility preserves ETB trigger replay metadata" time="0.0004958">
        </testcase>
        <testcase classname="tests/ability-activated-copy.applyEvent.test.ts" name="ability-activated copy retarget metadata via applyEvent &gt; replay pushTriggeredAbility preserves bound graveyard return metadata" time="0.0003197">
        </testcase>
        <testcase classname="tests/ability-activated-copy.applyEvent.test.ts" name="ability-activated copy retarget metadata via applyEvent &gt; replay activateBattlefieldAbility reattaches persisted retarget metadata to the matching stack item" time="0.0007355">
        </testcase>
        <testcase classname="tests/ability-activated-copy.applyEvent.test.ts" name="ability-activated copy retarget metadata via applyEvent &gt; replay activateBattlefieldAbility rebuilds generic multi-target stack items with persisted retarget metadata" time="0.0007056">
        </testcase>
        <testcase classname="tests/ability-activated-copy.applyEvent.test.ts" name="ability-activated copy retarget metadata via applyEvent &gt; replay activatePlaneswalkerAbility reattaches persisted retarget metadata to the matching stack item" time="0.0076899">
        </testcase>
        <testcase classname="tests/ability-activated-copy.applyEvent.test.ts" name="ability-activated copy retarget metadata via applyEvent &gt; replay activatePlaneswalkerAbility rebuilds the unresolved stack item when none exists" time="0.0009666">
        </testcase>
        <testcase classname="tests/ability-activated-copy.applyEvent.test.ts" name="ability-activated copy retarget metadata via applyEvent &gt; replay activateBattlefieldAbility preserves equipParams for stack-based equip activations" time="0.0004208">
        </testcase>
        <testcase classname="tests/ability-activated-copy.applyEvent.test.ts" name="ability-activated copy retarget metadata via applyEvent &gt; replay retargetAbilityCopyResolve updates copied ability targets and equip params" time="0.0002797">
        </testcase>
    </testsuite>
    <testsuite name="tests/ability-activated-copy.integration.test.ts" timestamp="2026-04-23T07:32:39.700Z" hostname="A2Ryzen9" tests="14" failures="0" errors="0" skipped="0" time="0.7205865">
        <testcase classname="tests/ability-activated-copy.integration.test.ts" name="ability-activated copy triggers (integration) &gt; queues an optional payment prompt and copies the triggering stack ability on pay" time="0.0792579">
        </testcase>
        <testcase classname="tests/ability-activated-copy.integration.test.ts" name="ability-activated copy triggers (integration) &gt; routes targeted grant-ability activations through shared targeting and offers Rings copy retargeting" time="0.1918909">
        </testcase>
        <testcase classname="tests/ability-activated-copy.integration.test.ts" name="ability-activated copy triggers (integration) &gt; consumes colored mana and copies the ability for Kurkesh" time="0.00384">
        </testcase>
        <testcase classname="tests/ability-activated-copy.integration.test.ts" name="ability-activated copy triggers (integration) &gt; copies the triggering stack ability immediately for Illusionist&apos;s Bracers" time="0.0015485">
        </testcase>
        <testcase classname="tests/ability-activated-copy.integration.test.ts" name="ability-activated copy triggers (integration) &gt; offers retargeting for copied abilities when retarget metadata exists" time="0.0098239">
        </testcase>
        <testcase classname="tests/ability-activated-copy.integration.test.ts" name="ability-activated copy triggers (integration) &gt; queues a {1} payment copy prompt for Battlemage&apos;s Bracers and allows retargeting" time="0.0082671">
        </testcase>
        <testcase classname="tests/ability-activated-copy.integration.test.ts" name="ability-activated copy triggers (integration) &gt; copies an equip activation and retargets the copied equip ability" time="0.0358863">
        </testcase>
        <testcase classname="tests/ability-activated-copy.integration.test.ts" name="ability-activated copy triggers (integration) &gt; routes generic activateBattlefieldAbility equip ids through shared targeting and preserves copied equip retargeting" time="0.0675877">
        </testcase>
        <testcase classname="tests/ability-activated-copy.integration.test.ts" name="ability-activated copy triggers (integration) &gt; copies generic multi-target shared-type exchange activations and retargets the copied ability" time="0.0976297">
        </testcase>
        <testcase classname="tests/ability-activated-copy.integration.test.ts" name="ability-activated copy triggers (integration) &gt; rejects invalid shared-type retarget selections for copied multi-target activations and allows a valid retry" time="0.0436501">
        </testcase>
        <testcase classname="tests/ability-activated-copy.integration.test.ts" name="ability-activated copy triggers (integration) &gt; offers a Rings payment prompt for discard-cost activations resumed in resolution" time="0.0239977">
        </testcase>
        <testcase classname="tests/ability-activated-copy.integration.test.ts" name="ability-activated copy triggers (integration) &gt; offers a Rings payment prompt for targeted planeswalker activations routed through resolution" time="0.0146966">
        </testcase>
        <testcase classname="tests/ability-activated-copy.integration.test.ts" name="ability-activated copy triggers (integration) &gt; copies graveyard-exile activations and allows retargeting the copied ability" time="0.0509993">
        </testcase>
        <testcase classname="tests/ability-activated-copy.integration.test.ts" name="ability-activated copy triggers (integration) &gt; copies Catapult Master activations and allows retargeting the copied exile ability" time="0.057039">
        </testcase>
    </testsuite>
    <testsuite name="tests/ability-activated-copy.replay.integration.test.ts" timestamp="2026-04-23T07:32:39.701Z" hostname="A2Ryzen9" tests="4" failures="0" errors="0" skipped="0" time="0.4194276">
        <testcase classname="tests/ability-activated-copy.replay.integration.test.ts" name="ability-activated copy replay integration &gt; replays copied multi-target shared-type exchange activations with a retargeted copy" time="0.3313287">
        </testcase>
        <testcase classname="tests/ability-activated-copy.replay.integration.test.ts" name="ability-activated copy replay integration &gt; replays declining the optional copy payment without leaving the trigger on the stack" time="0.0235962">
        </testcase>
        <testcase classname="tests/ability-activated-copy.replay.integration.test.ts" name="ability-activated copy replay integration &gt; replays keeping current targets without leaving the copy-retarget prompt queued" time="0.0281998">
        </testcase>
        <testcase classname="tests/ability-activated-copy.replay.integration.test.ts" name="ability-activated copy replay integration &gt; replays direct-copy retarget flows with the copied stack item intact" time="0.0078301">
        </testcase>
    </testsuite>
    <testsuite name="tests/ability-activated.intervening-if.test.ts" timestamp="2026-04-23T07:32:39.702Z" hostname="A2Ryzen9" tests="1" failures="0" errors="0" skipped="0" time="0.0796207">
        <testcase classname="tests/ability-activated.intervening-if.test.ts" name="Ability-activated triggers + intervening-if plumbing &gt; Harsh Mentor triggers for non-mana ability and not for mana ability" time="0.076342">
        </testcase>
    </testsuite>
    <testsuite name="tests/abundant-harvest.mode-selection.resumption.integration.test.ts" timestamp="2026-04-23T07:32:39.703Z" hostname="A2Ryzen9" tests="2" failures="0" errors="0" skipped="0" time="0.0575766">
        <testcase classname="tests/abundant-harvest.mode-selection.resumption.integration.test.ts" name="Abundant Harvest cast prompts &gt; queues the land or nonland choice on the initial cast path" time="0.0278341">
        </testcase>
        <testcase classname="tests/abundant-harvest.mode-selection.resumption.integration.test.ts" name="Abundant Harvest cast prompts &gt; still queues the land or nonland choice when the cast resumes with skipInteractivePrompts" time="0.0020298">
        </testcase>
    </testsuite>
    <testsuite name="tests/academic-probation.integration.test.ts" timestamp="2026-04-23T07:32:39.703Z" hostname="A2Ryzen9" tests="4" failures="0" errors="0" skipped="0" time="0.798164">
        <testcase classname="tests/academic-probation.integration.test.ts" name="Academic Probation &gt; resumes from name mode into payment without prompting for a target" time="0.0988463">
        </testcase>
        <testcase classname="tests/academic-probation.integration.test.ts" name="Academic Probation &gt; resumes from permanent mode into target selection without re-prompting modes" time="0.107107">
        </testcase>
        <testcase classname="tests/academic-probation.integration.test.ts" name="Academic Probation &gt; queues a spell-side card-name choice and keeps the spell on the stack" time="0.0137598">
        </testcase>
        <testcase classname="tests/academic-probation.integration.test.ts" name="Academic Probation &gt; applies the permanent restriction mode during resolution" time="0.008483">
        </testcase>
    </testsuite>
    <testsuite name="tests/activate-battlefield-ability.legacy-id-token-guard.integration.test.ts" timestamp="2026-04-23T07:32:39.704Z" hostname="A2Ryzen9" tests="10" failures="0" errors="0" skipped="0" time="0.2079676">
        <testcase classname="tests/activate-battlefield-ability.legacy-id-token-guard.integration.test.ts" name="activateBattlefieldAbility legacy id token guards (integration) &gt; does not let animate token matching hijack an unrelated generic activation on Mutavault" time="0.0993429">
        </testcase>
        <testcase classname="tests/activate-battlefield-ability.legacy-id-token-guard.integration.test.ts" name="activateBattlefieldAbility legacy id token guards (integration) &gt; does not let hybrid-mana token matching hijack an unrelated generic activation on Graven Cairns" time="0.0569198">
        </testcase>
        <testcase classname="tests/activate-battlefield-ability.legacy-id-token-guard.integration.test.ts" name="activateBattlefieldAbility legacy id token guards (integration) &gt; does not let storage add-counter token matching hijack an unrelated generic activation on Calciform Pools" time="0.0036386">
        </testcase>
        <testcase classname="tests/activate-battlefield-ability.legacy-id-token-guard.integration.test.ts" name="activateBattlefieldAbility legacy id token guards (integration) &gt; does not let storage remove-counters token matching hijack an unrelated generic activation on Calciform Pools" time="0.0037503">
        </testcase>
        <testcase classname="tests/activate-battlefield-ability.legacy-id-token-guard.integration.test.ts" name="activateBattlefieldAbility legacy id token guards (integration) &gt; does not let hideaway token matching hijack an unrelated generic activation on Windbrisk Heights" time="0.0024739">
        </testcase>
        <testcase classname="tests/activate-battlefield-ability.legacy-id-token-guard.integration.test.ts" name="activateBattlefieldAbility legacy id token guards (integration) &gt; does not let fetch token matching hijack an unrelated generic activation on a fetch-style land" time="0.0024828">
        </testcase>
        <testcase classname="tests/activate-battlefield-ability.legacy-id-token-guard.integration.test.ts" name="activateBattlefieldAbility legacy id token guards (integration) &gt; does not let native_ prefix matching hijack an unrelated generic battlefield activation" time="0.0027563">
        </testcase>
        <testcase classname="tests/activate-battlefield-ability.legacy-id-token-guard.integration.test.ts" name="activateBattlefieldAbility legacy id token guards (integration) &gt; does not let tap-mana prefix matching hijack an unrelated generic battlefield activation" time="0.0069309">
        </testcase>
        <testcase classname="tests/activate-battlefield-ability.legacy-id-token-guard.integration.test.ts" name="activateBattlefieldAbility legacy id token guards (integration) &gt; does not let pw-ability prefix matching hijack an unrelated generic battlefield activation" time="0.0028265">
        </testcase>
        <testcase classname="tests/activate-battlefield-ability.legacy-id-token-guard.integration.test.ts" name="activateBattlefieldAbility legacy id token guards (integration) &gt; does not let upgrade token matching override the selected generic upgrade ability index" time="0.0131558">
        </testcase>
    </testsuite>
    <testsuite name="tests/activate-battlefield-ability.scoped-detector-routing.integration.test.ts" timestamp="2026-04-23T07:32:39.706Z" hostname="A2Ryzen9" tests="35" failures="0" errors="0" skipped="0" time="0.7682593">
        <testcase classname="tests/activate-battlefield-ability.scoped-detector-routing.integration.test.ts" name="activateBattlefieldAbility detector routing uses selected ability text (integration) &gt; does not let a later counter ability hijack an earlier generic ability activation" time="0.1087094">
        </testcase>
        <testcase classname="tests/activate-battlefield-ability.scoped-detector-routing.integration.test.ts" name="activateBattlefieldAbility detector routing uses selected ability text (integration) &gt; does not let a later sacrifice-to-draw ability hijack an earlier generic ability activation" time="0.0442838">
        </testcase>
        <testcase classname="tests/activate-battlefield-ability.scoped-detector-routing.integration.test.ts" name="activateBattlefieldAbility detector routing uses selected ability text (integration) &gt; routes a generic move-counter ability through COUNTER_MOVEMENT without relying on the legacy fallback branch" time="0.0110339">
        </testcase>
        <testcase classname="tests/activate-battlefield-ability.scoped-detector-routing.integration.test.ts" name="activateBattlefieldAbility detector routing uses selected ability text (integration) &gt; does not let crew hijack a Vehicle&apos;s separate generic activated ability" time="0.0065822">
        </testcase>
        <testcase classname="tests/activate-battlefield-ability.scoped-detector-routing.integration.test.ts" name="activateBattlefieldAbility detector routing uses selected ability text (integration) &gt; does not let station hijack a Spacecraft&apos;s separate generic activated ability" time="0.0061525">
        </testcase>
        <testcase classname="tests/activate-battlefield-ability.scoped-detector-routing.integration.test.ts" name="activateBattlefieldAbility detector routing uses selected ability text (integration) &gt; does not let equip hijack an Equipment&apos;s separate generic activated ability" time="0.005572">
        </testcase>
        <testcase classname="tests/activate-battlefield-ability.scoped-detector-routing.integration.test.ts" name="activateBattlefieldAbility detector routing uses selected ability text (integration) &gt; attaches Bloodthirsty Blade to an opponent creature through its non-equip activated ability" time="0.0637173">
        </testcase>
        <testcase classname="tests/activate-battlefield-ability.scoped-detector-routing.integration.test.ts" name="activateBattlefieldAbility detector routing uses selected ability text (integration) &gt; does not let a later grant-ability ability hijack an earlier generic ability activation" time="0.0067084">
        </testcase>
        <testcase classname="tests/activate-battlefield-ability.scoped-detector-routing.integration.test.ts" name="activateBattlefieldAbility detector routing uses selected ability text (integration) &gt; keeps a sacrificed token tutor source visible in graveyard while queueing the tutor search" time="0.0137727">
        </testcase>
        <testcase classname="tests/activate-battlefield-ability.scoped-detector-routing.integration.test.ts" name="activateBattlefieldAbility detector routing uses selected ability text (integration) &gt; does not let a later graveyard-exile ability hijack an earlier generic ability activation" time="0.0147764">
        </testcase>
        <testcase classname="tests/activate-battlefield-ability.scoped-detector-routing.integration.test.ts" name="activateBattlefieldAbility detector routing uses selected ability text (integration) &gt; queues target selection for leading-clause grant abilities and keeps unrestricted creature targets" time="0.0982576">
        </testcase>
        <testcase classname="tests/activate-battlefield-ability.scoped-detector-routing.integration.test.ts" name="activateBattlefieldAbility detector routing uses selected ability text (integration) &gt; does not let a later fight ability hijack an earlier generic ability activation" time="0.0094459">
        </testcase>
        <testcase classname="tests/activate-battlefield-ability.scoped-detector-routing.integration.test.ts" name="activateBattlefieldAbility detector routing uses selected ability text (integration) &gt; does not let a later tap-untap ability hijack an earlier generic ability activation" time="0.0053146">
        </testcase>
        <testcase classname="tests/activate-battlefield-ability.scoped-detector-routing.integration.test.ts" name="activateBattlefieldAbility detector routing uses selected ability text (integration) &gt; routes graveyard-to-library abilities through the selected ability text and preserves graveyard targeting" time="0.042075">
        </testcase>
        <testcase classname="tests/activate-battlefield-ability.scoped-detector-routing.integration.test.ts" name="activateBattlefieldAbility detector routing uses selected ability text (integration) &gt; routes graveyard-to-top-of-library abilities through the selected ability text and preserves graveyard targeting" time="0.0195194">
        </testcase>
        <testcase classname="tests/activate-battlefield-ability.scoped-detector-routing.integration.test.ts" name="activateBattlefieldAbility detector routing uses selected ability text (integration) &gt; filters mana-value-limited graveyard-to-top-of-library abilities through the selected ability text" time="0.0160836">
        </testcase>
        <testcase classname="tests/activate-battlefield-ability.scoped-detector-routing.integration.test.ts" name="activateBattlefieldAbility detector routing uses selected ability text (integration) &gt; routes own-graveyard top-of-library abilities through the selected ability text" time="0.0205857">
        </testcase>
        <testcase classname="tests/activate-battlefield-ability.scoped-detector-routing.integration.test.ts" name="activateBattlefieldAbility detector routing uses selected ability text (integration) &gt; routes graveyard-to-battlefield abilities through the selected ability text and preserves graveyard targeting" time="0.0116478">
        </testcase>
        <testcase classname="tests/activate-battlefield-ability.scoped-detector-routing.integration.test.ts" name="activateBattlefieldAbility detector routing uses selected ability text (integration) &gt; routes graveyard-to-battlefield owner-control abilities through the selected ability text" time="0.0145964">
        </testcase>
        <testcase classname="tests/activate-battlefield-ability.scoped-detector-routing.integration.test.ts" name="activateBattlefieldAbility detector routing uses selected ability text (integration) &gt; routes graveyard-to-battlefield tapped abilities through the selected ability text" time="0.0154167">
        </testcase>
        <testcase classname="tests/activate-battlefield-ability.scoped-detector-routing.integration.test.ts" name="activateBattlefieldAbility detector routing uses selected ability text (integration) &gt; routes graveyard-to-battlefield counter-bearing abilities through the selected ability text" time="0.0151767">
        </testcase>
        <testcase classname="tests/activate-battlefield-ability.scoped-detector-routing.integration.test.ts" name="activateBattlefieldAbility detector routing uses selected ability text (integration) &gt; filters mana-value-limited graveyard-to-battlefield abilities through the selected ability text" time="0.0144978">
        </testcase>
        <testcase classname="tests/activate-battlefield-ability.scoped-detector-routing.integration.test.ts" name="activateBattlefieldAbility detector routing uses selected ability text (integration) &gt; filters exact-mana-value graveyard-to-battlefield abilities through the selected ability text" time="0.0157832">
        </testcase>
        <testcase classname="tests/activate-battlefield-ability.scoped-detector-routing.integration.test.ts" name="activateBattlefieldAbility detector routing uses selected ability text (integration) &gt; filters chosen-X graveyard-to-battlefield abilities with mana value or greater through the selected ability text" time="0.0170521">
        </testcase>
        <testcase classname="tests/activate-battlefield-ability.scoped-detector-routing.integration.test.ts" name="activateBattlefieldAbility detector routing uses selected ability text (integration) &gt; routes total-power-limited graveyard-to-battlefield abilities through the selected ability text" time="0.028656">
        </testcase>
        <testcase classname="tests/activate-battlefield-ability.scoped-detector-routing.integration.test.ts" name="activateBattlefieldAbility detector routing uses selected ability text (integration) &gt; resolves typed graveyard-exile activations through the selected ability text" time="0.0119156">
        </testcase>
        <testcase classname="tests/activate-battlefield-ability.scoped-detector-routing.integration.test.ts" name="activateBattlefieldAbility detector routing uses selected ability text (integration) &gt; resolves typed graveyard-to-hand activations through the selected ability text" time="0.0120304">
        </testcase>
        <testcase classname="tests/activate-battlefield-ability.scoped-detector-routing.integration.test.ts" name="activateBattlefieldAbility detector routing uses selected ability text (integration) &gt; resolves battle-card graveyard-to-hand activations through the shared parsed target path" time="0.0182684">
        </testcase>
        <testcase classname="tests/activate-battlefield-ability.scoped-detector-routing.integration.test.ts" name="activateBattlefieldAbility detector routing uses selected ability text (integration) &gt; filters permanent-only graveyard-to-hand activations through the shared parsed target path" time="0.0099663">
        </testcase>
        <testcase classname="tests/activate-battlefield-ability.scoped-detector-routing.integration.test.ts" name="activateBattlefieldAbility detector routing uses selected ability text (integration) &gt; filters mana-value-limited graveyard-to-hand activations through the selected ability text" time="0.0105856">
        </testcase>
        <testcase classname="tests/activate-battlefield-ability.scoped-detector-routing.integration.test.ts" name="activateBattlefieldAbility detector routing uses selected ability text (integration) &gt; filters life-gained graveyard activations through the shared parsed target path" time="0.013954">
        </testcase>
        <testcase classname="tests/activate-battlefield-ability.scoped-detector-routing.integration.test.ts" name="activateBattlefieldAbility detector routing uses selected ability text (integration) &gt; does not let control-change routing hijack an unrelated generic activation just because the permanent id contains control" time="0.0063833">
        </testcase>
        <testcase classname="tests/activate-battlefield-ability.scoped-detector-routing.integration.test.ts" name="activateBattlefieldAbility detector routing uses selected ability text (integration) &gt; routes Homeward Path to the selected non-mana ability and restores creatures to owner control on resolution" time="0.0075454">
        </testcase>
        <testcase classname="tests/activate-battlefield-ability.scoped-detector-routing.integration.test.ts" name="activateBattlefieldAbility detector routing uses selected ability text (integration) &gt; routes generic shared-type exchange abilities through multi-target selection and resolves them" time="0.0212998">
        </testcase>
        <testcase classname="tests/activate-battlefield-ability.scoped-detector-routing.integration.test.ts" name="activateBattlefieldAbility detector routing uses selected ability text (integration) &gt; rejects invalid shared-type exchange selections for activated abilities and allows a valid retry" time="0.0114102">
        </testcase>
    </testsuite>
    <testsuite name="tests/activate-fetchland.integration.test.ts" timestamp="2026-04-23T07:32:39.710Z" hostname="A2Ryzen9" tests="4" failures="0" errors="0" skipped="0" time="0.2759952">
        <testcase classname="tests/activate-fetchland.integration.test.ts" name="activateFetchland persistence (integration) &gt; persists true-fetch activation evidence and tracks life lost this turn" time="0.0397046">
        </testcase>
        <testcase classname="tests/activate-fetchland.integration.test.ts" name="activateFetchland persistence (integration) &gt; keeps a sacrificed token fetchland copy visible in graveyard during live activation" time="0.004198">
        </testcase>
        <testcase classname="tests/activate-fetchland.integration.test.ts" name="activateFetchland persistence (integration) &gt; persists mana-cost fetch activation metadata for exact replay reconstruction" time="0.0030105">
        </testcase>
        <testcase classname="tests/activate-fetchland.integration.test.ts" name="activateFetchland persistence (integration) &gt; does not recreate a Misty Rainforest prompt after restart once the search resolved event was persisted" time="0.2022625">
        </testcase>
    </testsuite>
    <testsuite name="tests/activate-fetchland.replay.test.ts" timestamp="2026-04-23T07:32:39.711Z" hostname="A2Ryzen9" tests="5" failures="0" errors="0" skipped="0" time="0.0441293">
        <testcase classname="tests/activate-fetchland.replay.test.ts" name="activateFetchland replay semantics &gt; replays a life-cost fetchland by moving it to graveyard and rebuilding the unresolved stack item" time="0.024135">
        </testcase>
        <testcase classname="tests/activate-fetchland.replay.test.ts" name="activateFetchland replay semantics &gt; replays a mana-cost fetchland by consuming mana and preserving the multi-search stack payload" time="0.0022387">
        </testcase>
        <testcase classname="tests/activate-fetchland.replay.test.ts" name="activateFetchland replay semantics &gt; replays a token fetchland by preserving the graveyard snapshot and rebuilding the unresolved stack item" time="0.0013206">
        </testcase>
        <testcase classname="tests/activate-fetchland.replay.test.ts" name="activateFetchland replay semantics &gt; drops the resolved fetch-land stack item when the search result is replayed" time="0.0125572">
        </testcase>
        <testcase classname="tests/activate-fetchland.replay.test.ts" name="activateFetchland replay semantics &gt; does not recreate a Misty Rainforest choice after the search result was already persisted" time="0.0012873">
        </testcase>
    </testsuite>
    <testsuite name="tests/activate-mana-ability.replay.test.ts" timestamp="2026-04-23T07:32:39.711Z" hostname="A2Ryzen9" tests="11" failures="0" errors="0" skipped="0" time="0.047614">
        <testcase classname="tests/activate-mana-ability.replay.test.ts" name="activateManaAbility replay semantics &gt; replays recorded mana deltas and recorded life loss exactly" time="0.022163">
        </testcase>
        <testcase classname="tests/activate-mana-ability.replay.test.ts" name="activateManaAbility replay semantics &gt; replays legacy thin mana events by inferring the mana added" time="0.0047815">
        </testcase>
        <testcase classname="tests/activate-mana-ability.replay.test.ts" name="activateManaAbility replay semantics &gt; replays legacy pain-land events by inferring the life loss" time="0.0012918">
        </testcase>
        <testcase classname="tests/activate-mana-ability.replay.test.ts" name="activateManaAbility replay semantics &gt; replays pay-life mana activations without counting them as damage" time="0.0010874">
        </testcase>
        <testcase classname="tests/activate-mana-ability.replay.test.ts" name="activateManaAbility replay semantics &gt; replays activation-cost life separately from legacy pay-life mana results" time="0.0070512">
        </testcase>
        <testcase classname="tests/activate-mana-ability.replay.test.ts" name="activateManaAbility replay semantics &gt; replays thin legacy multi-color mana events without collapsing to the first color" time="0.0007697">
        </testcase>
        <testcase classname="tests/activate-mana-ability.replay.test.ts" name="activateManaAbility replay semantics &gt; replays thin exact-line mana events using the persisted selected amount" time="0.0006089">
        </testcase>
        <testcase classname="tests/activate-mana-ability.replay.test.ts" name="activateManaAbility replay semantics &gt; replays a multi-ability land mana activation without sacrificing the land" time="0.0011162">
        </testcase>
        <testcase classname="tests/activate-mana-ability.replay.test.ts" name="activateManaAbility replay semantics &gt; replays recorded mana even after a prior activation-cost sacrifice removed the source" time="0.0019887">
        </testcase>
        <testcase classname="tests/activate-mana-ability.replay.test.ts" name="activateManaAbility replay semantics &gt; replays storage-counter mana activations with recorded counter removal" time="0.0023061">
        </testcase>
        <testcase classname="tests/activate-mana-ability.replay.test.ts" name="activateManaAbility replay semantics &gt; replays recorded Arena-style haste-granting mana provenance" time="0.0004142">
        </testcase>
    </testsuite>
    <testsuite name="tests/activated-ability.validate-before-complete.integration.test.ts" timestamp="2026-04-23T07:32:39.713Z" hostname="A2Ryzen9" tests="1" failures="0" errors="0" skipped="0" time="0.0431756">
        <testcase classname="tests/activated-ability.validate-before-complete.integration.test.ts" name="Activated ability validate-before-complete (integration) &gt; ACTIVATED_ABILITY does not consume the step on invalid response payload, then consumes once valid" time="0.0262208">
        </testcase>
    </testsuite>
    <testsuite name="tests/activation-cost.autotap-simple-mana.integration.test.ts" timestamp="2026-04-23T07:32:39.713Z" hostname="A2Ryzen9" tests="2" failures="0" errors="0" skipped="0" time="0.1821705">
        <testcase classname="tests/activation-cost.autotap-simple-mana.integration.test.ts" name="activation-cost simple mana auto-tap (integration) &gt; uses the full amplified output of simple auto-tapped sources for activation costs" time="0.1471198">
        </testcase>
        <testcase classname="tests/activation-cost.autotap-simple-mana.integration.test.ts" name="activation-cost simple mana auto-tap (integration) &gt; preserves leftover mana from simple all-at-once multi-color sources after paying a generic activation cost" time="0.0053263">
        </testcase>
    </testsuite>
    <testsuite name="tests/activation-cost.mana-prevalidation.no-partial.integration.test.ts" timestamp="2026-04-23T07:32:39.714Z" hostname="A2Ryzen9" tests="5" failures="0" errors="0" skipped="0" time="0.2193578">
        <testcase classname="tests/activation-cost.mana-prevalidation.no-partial.integration.test.ts" name="Activation-cost mana prevalidation prevents partial costs (integration) &gt; does not tap targets (and does not consume step) when tap-other activation cost has insufficient mana" time="0.152756">
        </testcase>
        <testcase classname="tests/activation-cost.mana-prevalidation.no-partial.integration.test.ts" name="Activation-cost mana prevalidation prevents partial costs (integration) &gt; does not move a card out of hand (and does not consume step) when exile-from-hand activation cost has insufficient mana" time="0.0091622">
        </testcase>
        <testcase classname="tests/activation-cost.mana-prevalidation.no-partial.integration.test.ts" name="Activation-cost mana prevalidation prevents partial costs (integration) &gt; does not remove counters (and does not consume step) when remove-counters activation cost has insufficient mana" time="0.0135299">
        </testcase>
        <testcase classname="tests/activation-cost.mana-prevalidation.no-partial.integration.test.ts" name="Activation-cost mana prevalidation prevents partial costs (integration) &gt; does not sacrifice a permanent (and does not consume step) when sacrifice activation cost has insufficient mana" time="0.0070503">
        </testcase>
        <testcase classname="tests/activation-cost.mana-prevalidation.no-partial.integration.test.ts" name="Activation-cost mana prevalidation prevents partial costs (integration) &gt; does not return a permanent to hand (and does not consume step) when return-to-hand activation cost has insufficient mana" time="0.0064074">
        </testcase>
    </testsuite>
    <testsuite name="tests/activation-effects.replay.test.ts" timestamp="2026-04-23T07:32:39.715Z" hostname="A2Ryzen9" tests="18" failures="0" errors="0" skipped="0" time="0.1067412">
        <testcase classname="tests/activation-effects.replay.test.ts" name="activation effect replay semantics &gt; replays activateSacrificeDrawAbility by consuming mana, sacrificing the permanent, and drawing a card" time="0.0239825">
        </testcase>
        <testcase classname="tests/activation-effects.replay.test.ts" name="activation effect replay semantics &gt; replays activateDoublingCube by paying {3}, doubling the remaining mana, and tapping the cube" time="0.0004816">
        </testcase>
        <testcase classname="tests/activation-effects.replay.test.ts" name="activation effect replay semantics &gt; replays activateUpgradeAbility by spending the upgrade cost and rebuilding the unresolved stack item" time="0.0138065">
        </testcase>
        <testcase classname="tests/activation-effects.replay.test.ts" name="activation effect replay semantics &gt; replays activateTutorAbility by scoping the selected ability, spending costs, and rebuilding the search queue" time="0.015019">
        </testcase>
        <testcase classname="tests/activation-effects.replay.test.ts" name="activation effect replay semantics &gt; replays activateTutorAbility for a sacrificed token source by preserving the graveyard snapshot and rebuilding the search queue" time="0.0059866">
        </testcase>
        <testcase classname="tests/activation-effects.replay.test.ts" name="activation effect replay semantics &gt; replays reconfigure unattach battlefield activations by rebuilding the unresolved stack item" time="0.0014925">
        </testcase>
        <testcase classname="tests/activation-effects.replay.test.ts" name="activation effect replay semantics &gt; replays equip battlefield target activations by rebuilding the stack item and spending equip cost" time="0.0017008">
        </testcase>
        <testcase classname="tests/activation-effects.replay.test.ts" name="activation effect replay semantics &gt; replays fortify battlefield target activations by rebuilding the stack item and spending fortify cost" time="0.0007726">
        </testcase>
        <testcase classname="tests/activation-effects.replay.test.ts" name="activation effect replay semantics &gt; replays reconfigure attach battlefield target activations by rebuilding the stack item and spending reconfigure cost" time="0.0017337">
        </testcase>
        <testcase classname="tests/activation-effects.replay.test.ts" name="activation effect replay semantics &gt; replays non-target battlefield activations with interactive costs when activatedAbilityText is present" time="0.0014503">
        </testcase>
        <testcase classname="tests/activation-effects.replay.test.ts" name="activation effect replay semantics &gt; replays Phyrexian-cost battlefield activations by rebuilding the stack item and charging life" time="0.0007299">
        </testcase>
        <testcase classname="tests/activation-effects.replay.test.ts" name="activation effect replay semantics &gt; replays tap-other activation costs by tapping the chosen permanent and rebuilding the stack item" time="0.0004508">
        </testcase>
        <testcase classname="tests/activation-effects.replay.test.ts" name="activation effect replay semantics &gt; replays targeted player battlefield activations with tap-other costs by rebuilding the stack item and milling the chosen player" time="0.0149344">
        </testcase>
        <testcase classname="tests/activation-effects.replay.test.ts" name="activation effect replay semantics &gt; replays targeted permanent battlefield activations by rebuilding the stack item and tapping the chosen creature" time="0.0067376">
        </testcase>
        <testcase classname="tests/activation-effects.replay.test.ts" name="activation effect replay semantics &gt; replays Homeward Path battlefield activations by rebuilding the selected ability stack item and restoring owner control" time="0.0053907">
        </testcase>
        <testcase classname="tests/activation-effects.replay.test.ts" name="activation effect replay semantics &gt; replays targeted discard-cost battlefield activations by rebuilding the stack item and resolving the graveyard return effect" time="0.0051307">
        </testcase>
        <testcase classname="tests/activation-effects.replay.test.ts" name="activation effect replay semantics &gt; replays graveyard-targeted exile battlefield activations by rebuilding the stack item and exiling the chosen card" time="0.0009362">
        </testcase>
        <testcase classname="tests/activation-effects.replay.test.ts" name="activation effect replay semantics &gt; replays graveyard-to-library battlefield activations by rebuilding the stack item and moving the chosen card to its owner&apos;s library" time="0.0025169">
        </testcase>
    </testsuite>
    <testsuite name="tests/adapt-monstrosity.generic-ability-routing.integration.test.ts" timestamp="2026-04-23T07:32:39.717Z" hostname="A2Ryzen9" tests="2" failures="0" errors="0" skipped="0" time="0.7676144">
        <testcase classname="tests/adapt-monstrosity.generic-ability-routing.integration.test.ts" name="Adapt and monstrosity generic ability routing (integration) &gt; activates adapt through the parser-emitted generic id" time="0.1018737">
        </testcase>
        <testcase classname="tests/adapt-monstrosity.generic-ability-routing.integration.test.ts" name="Adapt and monstrosity generic ability routing (integration) &gt; activates monstrosity through the parser-emitted generic id" time="0.0415091">
        </testcase>
    </testsuite>
    <testsuite name="tests/added-mana-with-this-ability.intervening-if.test.ts" timestamp="2026-04-23T07:32:39.718Z" hostname="A2Ryzen9" tests="6" failures="0" errors="0" skipped="0" time="0.0721164">
        <testcase classname="tests/added-mana-with-this-ability.intervening-if.test.ts" name="Intervening-if: added mana with this ability this turn &gt; returns null when tracking is absent" time="0.0378666">
        </testcase>
        <testcase classname="tests/added-mana-with-this-ability.intervening-if.test.ts" name="Intervening-if: added mana with this ability this turn &gt; returns true when tracking exists and ability has no entry (provably not yet)" time="0.0137202">
        </testcase>
        <testcase classname="tests/added-mana-with-this-ability.intervening-if.test.ts" name="Intervening-if: added mana with this ability this turn &gt; returns false when tracking shows mana was added for this ability" time="0.000482">
        </testcase>
        <testcase classname="tests/added-mana-with-this-ability.intervening-if.test.ts" name="Intervening-if: added mana with this ability this turn &gt; accepts explicit permanent-scoped boolean when abilityId is unknown" time="0.0004991">
        </testcase>
        <testcase classname="tests/added-mana-with-this-ability.intervening-if.test.ts" name="Intervening-if: added mana with this ability this turn &gt; applyEvent(activateManaAbility) sets tracking deterministically" time="0.015762">
        </testcase>
        <testcase classname="tests/added-mana-with-this-ability.intervening-if.test.ts" name="Intervening-if: added mana with this ability this turn &gt; applyEvent(activateBattlefieldAbility) sets tracking for mana-like activations" time="0.0005781">
        </testcase>
    </testsuite>
    <testsuite name="tests/additional-cost-paid.intervening-if.test.ts" timestamp="2026-04-23T07:32:39.719Z" hostname="A2Ryzen9" tests="4" failures="0" errors="0" skipped="0" time="0.0691054">
        <testcase classname="tests/additional-cost-paid.intervening-if.test.ts" name="Intervening-if: &apos;if its additional cost was paid&apos; &gt; returns true when additional-cost payment is known true" time="0.0472164">
        </testcase>
        <testcase classname="tests/additional-cost-paid.intervening-if.test.ts" name="Intervening-if: &apos;if its additional cost was paid&apos; &gt; returns false when additional-cost payment is known false" time="0.0177139">
        </testcase>
        <testcase classname="tests/additional-cost-paid.intervening-if.test.ts" name="Intervening-if: &apos;if its additional cost was paid&apos; &gt; returns true for positive-only evidence without known flag" time="0.0009884">
        </testcase>
        <testcase classname="tests/additional-cost-paid.intervening-if.test.ts" name="Intervening-if: &apos;if its additional cost was paid&apos; &gt; returns null for false without known flag (avoid false negatives)" time="0.0006064">
        </testcase>
    </testsuite>
    <testsuite name="tests/additional-cost-payment.validate-before-complete.integration.test.ts" timestamp="2026-04-23T07:32:39.720Z" hostname="A2Ryzen9" tests="1" failures="0" errors="0" skipped="0" time="0.059794">
        <testcase classname="tests/additional-cost-payment.validate-before-complete.integration.test.ts" name="ADDITIONAL_COST_PAYMENT validate-before-complete (integration) &gt; does not consume the step on invalid selection" time="0.040757">
        </testcase>
    </testsuite>
    <testsuite name="tests/afflict.block-trigger.integration.test.ts" timestamp="2026-04-23T07:32:39.720Z" hostname="A2Ryzen9" tests="2" failures="0" errors="0" skipped="0" time="0.1975832">
        <testcase classname="tests/afflict.block-trigger.integration.test.ts" name="afflict block trigger automation &gt; pushes an afflict trigger when the attacker becomes blocked and makes the defending player lose life on resolution" time="0.1723293">
        </testcase>
        <testcase classname="tests/afflict.block-trigger.integration.test.ts" name="afflict block trigger automation &gt; replays a persisted afflict trigger and uses the defending player snapshot for life loss" time="0.0089257">
        </testcase>
    </testsuite>
    <testsuite name="tests/after-sacrifice-followup-target-selection.integration.test.ts" timestamp="2026-04-23T07:32:39.721Z" hostname="A2Ryzen9" tests="3" failures="0" errors="0" skipped="0" time="0.1245666">
        <testcase classname="tests/after-sacrifice-followup-target-selection.integration.test.ts" name="after sacrifice followup target selection (integration) &gt; queues and resolves a generic target-selection action after sacrificing a creature" time="0.0788958">
        </testcase>
        <testcase classname="tests/after-sacrifice-followup-target-selection.integration.test.ts" name="after sacrifice followup target selection (integration) &gt; persists and replays sacrifice-when-you-do reflexive target selection" time="0.0066616">
        </testcase>
        <testcase classname="tests/after-sacrifice-followup-target-selection.integration.test.ts" name="after sacrifice followup target selection (integration) &gt; persists and replays the sacrifice-when-you-do ask-stage follow-up sacrifice prompt" time="0.0132293">
        </testcase>
    </testsuite>
    <testsuite name="tests/ai-activate-ability.replay.test.ts" timestamp="2026-04-23T07:32:39.721Z" hostname="A2Ryzen9" tests="5" failures="0" errors="0" skipped="0" time="0.0549057">
        <testcase classname="tests/ai-activate-ability.replay.test.ts" name="AI activated ability replay semantics &gt; replays shared AI Humble Defector activations deterministically" time="0.0205914">
        </testcase>
        <testcase classname="tests/ai-activate-ability.replay.test.ts" name="AI activated ability replay semantics &gt; replays legacy-fallback AI Humble Defector activations persisted as activateBattlefieldAbility" time="0.0008299">
        </testcase>
        <testcase classname="tests/ai-activate-ability.replay.test.ts" name="AI activated ability replay semantics &gt; replays shared AI fetch-land activations by paying costs and rebuilding the unresolved stack item" time="0.0097394">
        </testcase>
        <testcase classname="tests/ai-activate-ability.replay.test.ts" name="AI activated ability replay semantics &gt; replays shared AI generic non-mana battlefield activations by rebuilding the unresolved stack item" time="0.0026705">
        </testcase>
        <testcase classname="tests/ai-activate-ability.replay.test.ts" name="AI activated ability replay semantics &gt; replays legacy activateAbility token sacrifices by preserving the graveyard snapshot and unresolved stack item" time="0.000976">
        </testcase>
    </testsuite>
    <testsuite name="tests/ai-card-pool-selection.test.ts" timestamp="2026-04-23T07:32:39.722Z" hostname="A2Ryzen9" tests="4" failures="0" errors="0" skipped="0" time="0.0209034">
        <testcase classname="tests/ai-card-pool-selection.test.ts" name="AI card pool selection &gt; prefers combo-aligned cards during library search" time="0.012905">
        </testcase>
        <testcase classname="tests/ai-card-pool-selection.test.ts" name="AI card pool selection &gt; prefers higher-value graveyard cards for reanimation-style selection" time="0.0036754">
        </testcase>
        <testcase classname="tests/ai-card-pool-selection.test.ts" name="AI card pool selection &gt; prefers expendable graveyard cards for exile-style costs" time="0.0014253">
        </testcase>
        <testcase classname="tests/ai-card-pool-selection.test.ts" name="AI card pool selection &gt; prefers stronger opposing graveyard cards for exile-style targeting" time="0.0006022">
        </testcase>
    </testsuite>
    <testsuite name="tests/ai-choice-target-selection.test.ts" timestamp="2026-04-23T07:32:39.723Z" hostname="A2Ryzen9" tests="5" failures="0" errors="0" skipped="0" time="0.0487502">
        <testcase classname="tests/ai-choice-target-selection.test.ts" name="AI choice target selection &gt; prefers hostile combo-engine targets during target selection steps" time="0.0297964">
        </testcase>
        <testcase classname="tests/ai-choice-target-selection.test.ts" name="AI choice target selection &gt; prefers own ETB value targets for beneficial target selection steps" time="0.0092254">
        </testcase>
        <testcase classname="tests/ai-choice-target-selection.test.ts" name="AI choice target selection &gt; prefers higher-impact opposing spells on the stack during target selection steps" time="0.0006326">
        </testcase>
        <testcase classname="tests/ai-choice-target-selection.test.ts" name="AI choice target selection &gt; prefers stronger graveyard reanimation targets during target selection steps" time="0.0040752">
        </testcase>
        <testcase classname="tests/ai-choice-target-selection.test.ts" name="AI choice target selection &gt; prefers exiling stronger opposing graveyard cards during target selection steps" time="0.0014773">
        </testcase>
    </testsuite>
    <testsuite name="tests/ai-mana-ability.integration.test.ts" timestamp="2026-04-23T07:32:39.724Z" hostname="A2Ryzen9" tests="3" failures="0" errors="0" skipped="0" time="0.3680431">
        <testcase classname="tests/ai-mana-ability.integration.test.ts" name="AI mana ability integration &gt; sacrifices Treasure mana sources live and persists the exact mana added" time="0.1398652">
        </testcase>
        <testcase classname="tests/ai-mana-ability.integration.test.ts" name="AI mana ability integration &gt; applies self-damage mana loss live and persists the mana delta" time="0.1399963">
        </testcase>
        <testcase classname="tests/ai-mana-ability.integration.test.ts" name="AI mana ability integration &gt; treats pay-life mana abilities as life loss without damage tracking" time="0.0684163">
        </testcase>
    </testsuite>
    <testsuite name="tests/ai-management.authorization.integration.test.ts" timestamp="2026-04-23T07:32:39.724Z" hostname="A2Ryzen9" tests="6" failures="0" errors="0" skipped="0" time="0.0299909">
        <testcase classname="tests/ai-management.authorization.integration.test.ts" name="AI management authorization (integration) &gt; rejects createGame* when gameId already exists (prevents mutating existing game)" time="0.0045188">
        </testcase>
        <testcase classname="tests/ai-management.authorization.integration.test.ts" name="AI management authorization (integration) &gt; does not allow non-creator to add/remove AI (does not wipe resolution queue)" time="0.0032382">
        </testcase>
        <testcase classname="tests/ai-management.authorization.integration.test.ts" name="AI management authorization (integration) &gt; allows creator to add AI to an existing game" time="0.0052942">
        </testcase>
        <testcase classname="tests/ai-management.authorization.integration.test.ts" name="AI management authorization (integration) &gt; rejects creator addAIToGame when not in the game room" time="0.0008371">
        </testcase>
        <testcase classname="tests/ai-management.authorization.integration.test.ts" name="AI management authorization (integration) &gt; does not throw when payload is missing (crash-safety)" time="0.0017019">
        </testcase>
        <testcase classname="tests/ai-management.authorization.integration.test.ts" name="AI management authorization (integration) &gt; rejects malformed payloads for AI management handlers" time="0.0005743">
        </testcase>
    </testsuite>
    <testsuite name="tests/ai-modal-choice.test.ts" timestamp="2026-04-23T07:32:39.725Z" hostname="A2Ryzen9" tests="2" failures="0" errors="0" skipped="0" time="0.0123818">
        <testcase classname="tests/ai-modal-choice.test.ts" name="AI modal choice heuristics &gt; prefers offensive keyword counters for a large commander" time="0.0029827">
        </testcase>
        <testcase classname="tests/ai-modal-choice.test.ts" name="AI modal choice heuristics &gt; chooses the highest-impact creature for put-from-hand modal choices" time="0.0069129">
        </testcase>
    </testsuite>
    <testsuite name="tests/ai-mode-selection.test.ts" timestamp="2026-04-23T07:32:39.726Z" hostname="A2Ryzen9" tests="3" failures="0" errors="0" skipped="0" time="0.0063968">
        <testcase classname="tests/ai-mode-selection.test.ts" name="AI mode selection &gt; chooses land for Abundant Harvest when mana development is short" time="0.0011447">
        </testcase>
        <testcase classname="tests/ai-mode-selection.test.ts" name="AI mode selection &gt; chooses overload when affordable and multiple opposing permanents exist" time="0.0012747">
        </testcase>
        <testcase classname="tests/ai-mode-selection.test.ts" name="AI mode selection &gt; declines ward when a Signet bundle only looks affordable in the aggregate pool" time="0.0021903">
        </testcase>
    </testsuite>
    <testsuite name="tests/ai-option-choice.test.ts" timestamp="2026-04-23T07:32:39.726Z" hostname="A2Ryzen9" tests="3" failures="0" errors="0" skipped="0" time="0.0098078">
        <testcase classname="tests/ai-option-choice.test.ts" name="AI option choice &gt; declines may-draw prompts when library is nearly empty" time="0.0016106">
        </testcase>
        <testcase classname="tests/ai-option-choice.test.ts" name="AI option choice &gt; pays life for shock lands when life is healthy and untapped mana matters" time="0.0003948">
        </testcase>
        <testcase classname="tests/ai-option-choice.test.ts" name="AI option choice &gt; declines mana ward when the AI cannot pay" time="0.0054539">
        </testcase>
    </testsuite>
    <testsuite name="tests/ai-resolution-step.integration.test.ts" timestamp="2026-04-23T07:32:39.727Z" hostname="A2Ryzen9" tests="94" failures="0" errors="0" skipped="0" time="1.9011078">
        <testcase classname="tests/ai-resolution-step.integration.test.ts" name="AI resolution-step integration &gt; routes active target-selection steps through AI priority handling and chooses the best target" time="0.1389705">
        </testcase>
        <testcase classname="tests/ai-resolution-step.integration.test.ts" name="AI resolution-step integration &gt; auto-resolves AI target-selection steps from the shared resolution queue handler" time="0.0820978">
        </testcase>
        <testcase classname="tests/ai-resolution-step.integration.test.ts" name="AI resolution-step integration &gt; routes active graveyard-card target-selection steps through AI priority handling and chooses the best reanimation target" time="0.0080385">
        </testcase>
        <testcase classname="tests/ai-resolution-step.integration.test.ts" name="AI resolution-step integration &gt; routes active opponent graveyard-selection steps through AI priority handling and exiles the strongest opposing card" time="0.0021575">
        </testcase>
        <testcase classname="tests/ai-resolution-step.integration.test.ts" name="AI resolution-step integration &gt; routes active library-search steps through AI priority handling and submits the best card choice" time="0.001821">
        </testcase>
        <testcase classname="tests/ai-resolution-step.integration.test.ts" name="AI resolution-step integration &gt; routes active player-choice steps through AI priority handling and selects the strongest legal opponent" time="0.0071885">
        </testcase>
        <testcase classname="tests/ai-resolution-step.integration.test.ts" name="AI resolution-step integration &gt; routes active color-choice steps through AI priority handling and submits a legal color" time="0.0017801">
        </testcase>
        <testcase classname="tests/ai-resolution-step.integration.test.ts" name="AI resolution-step integration &gt; routes active creature-type-choice steps through AI priority handling and selects the dominant tribe" time="0.0522504">
        </testcase>
        <testcase classname="tests/ai-resolution-step.integration.test.ts" name="AI resolution-step integration &gt; routes active kynaios-choice steps through AI priority handling and chooses to play a land when available" time="0.0022879">
        </testcase>
        <testcase classname="tests/ai-resolution-step.integration.test.ts" name="AI resolution-step integration &gt; routes active card-name-choice steps through AI priority handling and selects a visible opposing threat from the candidate list" time="0.0032334">
        </testcase>
        <testcase classname="tests/ai-resolution-step.integration.test.ts" name="AI resolution-step integration &gt; routes active opening-hand-actions steps through AI priority handling and keeps all legal opening hand permanents" time="0.0016662">
        </testcase>
        <testcase classname="tests/ai-resolution-step.integration.test.ts" name="AI resolution-step integration &gt; routes active upkeep-sacrifice steps through AI priority handling and sacrifices the least valuable creature" time="0.0065589">
        </testcase>
        <testcase classname="tests/ai-resolution-step.integration.test.ts" name="AI resolution-step integration &gt; routes active return-controlled-permanent steps through AI priority handling and returns the least valuable legal permanent" time="0.0038784">
        </testcase>
        <testcase classname="tests/ai-resolution-step.integration.test.ts" name="AI resolution-step integration &gt; routes active hideaway-choice steps through AI priority handling and hides away the highest-value card" time="0.0226537">
        </testcase>
        <testcase classname="tests/ai-resolution-step.integration.test.ts" name="AI resolution-step integration &gt; routes active scry steps through AI priority handling and submits a legal keep-top partition" time="0.0044834">
        </testcase>
        <testcase classname="tests/ai-resolution-step.integration.test.ts" name="AI resolution-step integration &gt; routes active surveil steps through AI priority handling and sends lands to the graveyard" time="0.0014975">
        </testcase>
        <testcase classname="tests/ai-resolution-step.integration.test.ts" name="AI resolution-step integration &gt; routes active bottom-order steps through AI priority handling and submits a full ordering" time="0.0008688">
        </testcase>
        <testcase classname="tests/ai-resolution-step.integration.test.ts" name="AI resolution-step integration &gt; routes active Lim-Dul&apos;s Vault steps through AI priority handling and keeps the current five-card order" time="0.0008569">
        </testcase>
        <testcase classname="tests/ai-resolution-step.integration.test.ts" name="AI resolution-step integration &gt; routes active Dance with Calamity steps through AI priority handling and keeps exiling while only lands are revealed" time="0.0008045">
        </testcase>
        <testcase classname="tests/ai-resolution-step.integration.test.ts" name="AI resolution-step integration &gt; routes active Dance with Calamity cast steps through AI priority handling and orders spells by mana value" time="0.0008768">
        </testcase>
        <testcase classname="tests/ai-resolution-step.integration.test.ts" name="AI resolution-step integration &gt; routes active hand-to-bottom steps through AI priority handling and chooses the last cards in hand" time="0.0011294">
        </testcase>
        <testcase classname="tests/ai-resolution-step.integration.test.ts" name="AI resolution-step integration &gt; routes active fateseal steps through AI priority handling and submits a legal partition" time="0.0008094">
        </testcase>
        <testcase classname="tests/ai-resolution-step.integration.test.ts" name="AI resolution-step integration &gt; routes active clash steps through AI priority handling and keeps the revealed card on top" time="0.0007816">
        </testcase>
        <testcase classname="tests/ai-resolution-step.integration.test.ts" name="AI resolution-step integration &gt; routes active vote steps through AI priority handling and selects the first valid option" time="0.0007592">
        </testcase>
        <testcase classname="tests/ai-resolution-step.integration.test.ts" name="AI resolution-step integration &gt; routes active two-pile split steps through AI priority handling and alternates cards between piles" time="0.0008367">
        </testcase>
        <testcase classname="tests/ai-resolution-step.integration.test.ts" name="AI resolution-step integration &gt; routes active riot-choice steps through AI priority handling and chooses the counter mode" time="0.0008191">
        </testcase>
        <testcase classname="tests/ai-resolution-step.integration.test.ts" name="AI resolution-step integration &gt; routes active unleash-choice steps through AI priority handling and chooses the counter mode" time="0.0007431">
        </testcase>
        <testcase classname="tests/ai-resolution-step.integration.test.ts" name="AI resolution-step integration &gt; routes active fabricate-choice steps through AI priority handling and prefers tokens for larger fabricate values" time="0.0008459">
        </testcase>
        <testcase classname="tests/ai-resolution-step.integration.test.ts" name="AI resolution-step integration &gt; routes active tribute-choice steps through AI priority handling and declines tribute" time="0.0009987">
        </testcase>
        <testcase classname="tests/ai-resolution-step.integration.test.ts" name="AI resolution-step integration &gt; routes active extort-payment steps through AI priority handling and skips the payment" time="0.0021507">
        </testcase>
        <testcase classname="tests/ai-resolution-step.integration.test.ts" name="AI resolution-step integration &gt; routes active generic keyword-choice steps through AI priority handling and selects the first option" time="0.0008856">
        </testcase>
        <testcase classname="tests/ai-resolution-step.integration.test.ts" name="AI resolution-step integration &gt; routes active exploit-choice steps through AI priority handling and sacrifices the weakest creature" time="0.0008005">
        </testcase>
        <testcase classname="tests/ai-resolution-step.integration.test.ts" name="AI resolution-step integration &gt; routes active backup-choice steps through AI priority handling and prefers the strongest other creature" time="0.0008071">
        </testcase>
        <testcase classname="tests/ai-resolution-step.integration.test.ts" name="AI resolution-step integration &gt; routes active mentor-target steps through AI priority handling and picks the lowest-power target" time="0.0008597">
        </testcase>
        <testcase classname="tests/ai-resolution-step.integration.test.ts" name="AI resolution-step integration &gt; routes active enlist-choice steps through AI priority handling and taps the highest-power creature" time="0.0009497">
        </testcase>
        <testcase classname="tests/ai-resolution-step.integration.test.ts" name="AI resolution-step integration &gt; routes active modular-choice steps through AI priority handling and chooses the strongest artifact creature" time="0.0007278">
        </testcase>
        <testcase classname="tests/ai-resolution-step.integration.test.ts" name="AI resolution-step integration &gt; routes active soulshift-target steps through AI priority handling and returns the highest mana value spirit" time="0.0007491">
        </testcase>
        <testcase classname="tests/ai-resolution-step.integration.test.ts" name="AI resolution-step integration &gt; routes active join-forces steps through AI priority handling and contributes zero mana" time="0.000808">
        </testcase>
        <testcase classname="tests/ai-resolution-step.integration.test.ts" name="AI resolution-step integration &gt; routes active counter-target steps through AI priority handling and chooses the first valid target" time="0.0006707">
        </testcase>
        <testcase classname="tests/ai-resolution-step.integration.test.ts" name="AI resolution-step integration &gt; routes active station-creature-selection steps through AI priority handling and chooses the highest-power creature" time="0.0008064">
        </testcase>
        <testcase classname="tests/ai-resolution-step.integration.test.ts" name="AI resolution-step integration &gt; routes active life-payment steps through AI priority handling and pays the minimum amount" time="0.0007658">
        </testcase>
        <testcase classname="tests/ai-resolution-step.integration.test.ts" name="AI resolution-step integration &gt; routes active additional-cost-payment steps through AI priority handling and chooses the first legal cards" time="0.0008522">
        </testcase>
        <testcase classname="tests/ai-resolution-step.integration.test.ts" name="AI resolution-step integration &gt; routes active squad-cost-payment steps through AI priority handling and declines extra squad payments" time="0.0007095">
        </testcase>
        <testcase classname="tests/ai-resolution-step.integration.test.ts" name="AI resolution-step integration &gt; routes active explore-decision steps through AI priority handling and bins nonlands" time="0.0008328">
        </testcase>
        <testcase classname="tests/ai-resolution-step.integration.test.ts" name="AI resolution-step integration &gt; routes active batch-explore-decision steps through AI priority handling and applies the same land heuristic per explore" time="0.0011296">
        </testcase>
        <testcase classname="tests/ai-resolution-step.integration.test.ts" name="AI resolution-step integration &gt; routes active tempting-offer steps through AI priority handling and declines the offer" time="0.0013154">
        </testcase>
        <testcase classname="tests/ai-resolution-step.integration.test.ts" name="AI resolution-step integration &gt; routes active activated-ability steps through AI priority handling and auto-resolves with an empty payload" time="0.0008407">
        </testcase>
        <testcase classname="tests/ai-resolution-step.integration.test.ts" name="AI resolution-step integration &gt; routes active cascade steps through AI priority handling and casts the hit card when present" time="0.0009691">
        </testcase>
        <testcase classname="tests/ai-resolution-step.integration.test.ts" name="AI resolution-step integration &gt; routes active ponder-effect steps through AI priority handling and keeps the current order without shuffling" time="0.0012673">
        </testcase>
        <testcase classname="tests/ai-resolution-step.integration.test.ts" name="AI resolution-step integration &gt; routes active devour-selection steps through AI priority handling and declines to sacrifice creatures" time="0.0009493">
        </testcase>
        <testcase classname="tests/ai-resolution-step.integration.test.ts" name="AI resolution-step integration &gt; routes active fight-target steps through AI priority handling and picks the first valid opposing creature" time="0.0014698">
        </testcase>
        <testcase classname="tests/ai-resolution-step.integration.test.ts" name="AI resolution-step integration &gt; routes active tap-untap-target steps through AI priority handling and selects legal targets with the requested action" time="0.0009114">
        </testcase>
        <testcase classname="tests/ai-resolution-step.integration.test.ts" name="AI resolution-step integration &gt; routes active counter-movement steps through AI priority handling and moves a legal counter to another permanent" time="0.0010468">
        </testcase>
        <testcase classname="tests/ai-resolution-step.integration.test.ts" name="AI resolution-step integration &gt; routes active proliferate steps through AI priority handling and selects beneficial targets" time="0.0008921">
        </testcase>
        <testcase classname="tests/ai-resolution-step.integration.test.ts" name="AI resolution-step integration &gt; routes active mana-payment-choice steps through AI priority handling and uses the existing payment helper" time="0.0095583">
        </testcase>
        <testcase classname="tests/ai-resolution-step.integration.test.ts" name="AI resolution-step integration &gt; routes active mutate-target-selection steps through AI priority handling and submits a host choice" time="0.0048507">
        </testcase>
        <testcase classname="tests/ai-resolution-step.integration.test.ts" name="AI resolution-step integration &gt; auto-resolves AI mutate target selection from the shared resolution queue handler and queues mutate payment" time="0.0079612">
        </testcase>
        <testcase classname="tests/ai-resolution-step.integration.test.ts" name="AI resolution-step integration &gt; auto-resolves AI opening hand actions from the shared resolution queue handler and moves legal cards onto the battlefield" time="0.004446">
        </testcase>
        <testcase classname="tests/ai-resolution-step.integration.test.ts" name="AI resolution-step integration &gt; auto-resolves AI card-name-choice steps from the shared resolution queue handler and stores the chosen name on the spell" time="0.0013147">
        </testcase>
        <testcase classname="tests/ai-resolution-step.integration.test.ts" name="AI resolution-step integration &gt; auto-resolves AI gift cast choice from the shared resolution queue handler and resumes the promised-gift cast flow" time="0.0503982">
        </testcase>
        <testcase classname="tests/ai-resolution-step.integration.test.ts" name="AI resolution-step integration &gt; auto-resolves AI spell-cast X selections and continues the cast" time="0.0653376">
        </testcase>
        <testcase classname="tests/ai-resolution-step.integration.test.ts" name="AI resolution-step integration &gt; auto-resolves AI mode-selection steps from the shared resolution queue handler using the live overload heuristic" time="0.0028733">
        </testcase>
        <testcase classname="tests/ai-resolution-step.integration.test.ts" name="AI resolution-step integration &gt; auto-resolves AI player-choice steps from the shared resolution queue handler using the live threat heuristic" time="0.0017848">
        </testcase>
        <testcase classname="tests/ai-resolution-step.integration.test.ts" name="AI resolution-step integration &gt; auto-resolves AI color-choice steps from the shared resolution queue handler using the live mana heuristic" time="0.0009572">
        </testcase>
        <testcase classname="tests/ai-resolution-step.integration.test.ts" name="AI resolution-step integration &gt; auto-resolves AI creature-type-choice steps from the shared resolution queue handler using the live tribe heuristic" time="0.0036206">
        </testcase>
        <testcase classname="tests/ai-resolution-step.integration.test.ts" name="AI resolution-step integration &gt; auto-resolves AI kynaios-choice steps from the shared resolution queue handler and plays the available land" time="0.0154743">
        </testcase>
        <testcase classname="tests/ai-resolution-step.integration.test.ts" name="AI resolution-step integration &gt; auto-resolves AI fateseal steps from the shared resolution queue handler" time="0.0012532">
        </testcase>
        <testcase classname="tests/ai-resolution-step.integration.test.ts" name="AI resolution-step integration &gt; auto-resolves AI clash steps from the shared resolution queue handler" time="0.0007826">
        </testcase>
        <testcase classname="tests/ai-resolution-step.integration.test.ts" name="AI resolution-step integration &gt; auto-resolves AI vote steps from the shared resolution queue handler" time="0.0010188">
        </testcase>
        <testcase classname="tests/ai-resolution-step.integration.test.ts" name="AI resolution-step integration &gt; auto-resolves AI entrapment-maneuver steps from the shared resolution queue handler" time="0.0025415">
        </testcase>
        <testcase classname="tests/ai-resolution-step.integration.test.ts" name="AI resolution-step integration &gt; auto-resolves AI upkeep-sacrifice steps from the shared resolution queue handler using the live sacrifice heuristic" time="0.0034522">
        </testcase>
        <testcase classname="tests/ai-resolution-step.integration.test.ts" name="AI resolution-step integration &gt; auto-resolves AI return-controlled-permanent steps from the shared resolution queue handler using the live bounce heuristic" time="0.0030537">
        </testcase>
        <testcase classname="tests/ai-resolution-step.integration.test.ts" name="AI resolution-step integration &gt; auto-resolves AI hideaway-choice steps from the shared resolution queue handler and stores the chosen card under the source permanent" time="0.0052521">
        </testcase>
        <testcase classname="tests/ai-resolution-step.integration.test.ts" name="AI resolution-step integration &gt; auto-resolves AI scry steps from the shared resolution queue handler using the land-aware heuristic" time="0.0015608">
        </testcase>
        <testcase classname="tests/ai-resolution-step.integration.test.ts" name="AI resolution-step integration &gt; auto-resolves AI trigger-order steps from the shared resolution queue handler" time="0.0011906">
        </testcase>
        <testcase classname="tests/ai-resolution-step.integration.test.ts" name="AI resolution-step integration &gt; advances out of untap instead of passing priority repeatedly" time="0.0489274">
        </testcase>
        <testcase classname="tests/ai-resolution-step.integration.test.ts" name="AI resolution-step integration &gt; deduplicates repeated broadcast-triggered AI untap handling" time="0.0068782">
        </testcase>
        <testcase classname="tests/ai-resolution-step.integration.test.ts" name="AI resolution-step integration &gt; passes priority instead of retrying a stale duplicate land already on the battlefield" time="0.520448">
        </testcase>
        <testcase classname="tests/ai-resolution-step.integration.test.ts" name="AI resolution-step integration &gt; deduplicates repeated broadcast-triggered human auto-pass scheduling" time="0.0034217">
        </testcase>
        <testcase classname="tests/ai-resolution-step.integration.test.ts" name="AI resolution-step integration &gt; does not auto-pass a human defender who can flash in a blocker after attackers are declared" time="0.0011004">
        </testcase>
        <testcase classname="tests/ai-resolution-step.integration.test.ts" name="AI resolution-step integration &gt; does not let the attacking AI declare blockers for itself" time="0.0116621">
        </testcase>
        <testcase classname="tests/ai-resolution-step.integration.test.ts" name="AI resolution-step integration &gt; does not wait on a human defender with no blockers during declare blockers" time="0.0012232">
        </testcase>
        <testcase classname="tests/ai-resolution-step.integration.test.ts" name="AI resolution-step integration &gt; passes priority when an AI defender still needs to declare blockers" time="0.0021152">
        </testcase>
        <testcase classname="tests/ai-resolution-step.integration.test.ts" name="AI resolution-step integration &gt; advances out of declare attackers when the AI chooses no attackers" time="0.5061298">
        </testcase>
        <testcase classname="tests/ai-resolution-step.integration.test.ts" name="AI resolution-step integration &gt; does not synchronously chain multiple step advances after one AI auto-pass" time="0.0024543">
        </testcase>
        <testcase classname="tests/ai-resolution-step.integration.test.ts" name="AI resolution-step integration &gt; routes active option-choice steps through AI priority handling and submits the chosen option" time="0.0010141">
        </testcase>
        <testcase classname="tests/ai-resolution-step.integration.test.ts" name="AI resolution-step integration &gt; routes active gift cast option-choice steps through AI priority handling and promises the gift to an opponent" time="0.0014312">
        </testcase>
        <testcase classname="tests/ai-resolution-step.integration.test.ts" name="AI resolution-step integration &gt; plays shock lands through the shared option-choice flow instead of pre-paying life inline" time="0.0125537">
        </testcase>
        <testcase classname="tests/ai-resolution-step.integration.test.ts" name="AI resolution-step integration &gt; starts spell casting through the shared requestCastSpell flow" time="0.0063193">
        </testcase>
        <testcase classname="tests/ai-resolution-step.integration.test.ts" name="AI resolution-step integration &gt; routes active mode-selection steps through AI priority handling and submits the chosen mode" time="0.0013359">
        </testcase>
        <testcase classname="tests/ai-resolution-step.integration.test.ts" name="AI resolution-step integration &gt; routes active modal-choice steps through AI priority handling and uses modal-specific heuristics" time="0.0019942">
        </testcase>
        <testcase classname="tests/ai-resolution-step.integration.test.ts" name="AI resolution-step integration &gt; auto-resolves AI spell payment and completes the cast server-side" time="0.0660908">
        </testcase>
        <testcase classname="tests/ai-resolution-step.integration.test.ts" name="AI resolution-step integration &gt; uses the selected payment abilityId when duplicate-color mana abilities have different costs" time="0.0616299">
        </testcase>
        <testcase classname="tests/ai-resolution-step.integration.test.ts" name="AI resolution-step integration &gt; preserves excess mana when the selected payment ability line produces more than the spell spends" time="0.0642748">
        </testcase>
    </testsuite>
    <testsuite name="tests/ai-target-selection.test.ts" timestamp="2026-04-23T07:32:39.739Z" hostname="A2Ryzen9" tests="2" failures="0" errors="0" skipped="0" time="0.0330169">
        <testcase classname="tests/ai-target-selection.test.ts" name="AI target selection &gt; prioritizes combo-enabling opponent permanents over larger generic threats" time="0.0198186">
        </testcase>
        <testcase classname="tests/ai-target-selection.test.ts" name="AI target selection &gt; prioritizes own ETB value permanents for flicker effects" time="0.0104564">
        </testcase>
    </testsuite>
    <testsuite name="tests/ai.cast-sequencing.integration.test.ts" timestamp="2026-04-23T07:32:39.740Z" hostname="A2Ryzen9" tests="1" failures="0" errors="0" skipped="0" time="0.0472168">
        <testcase classname="tests/ai.cast-sequencing.integration.test.ts" name="AI cast sequencing integration &gt; does not chain additional spell attempts after a cast loses priority" time="0.0284296">
        </testcase>
    </testsuite>
    <testsuite name="tests/ai.deck-profile-rehydration.test.ts" timestamp="2026-04-23T07:32:39.740Z" hostname="A2Ryzen9" tests="1" failures="0" errors="0" skipped="0" time="0.0361732">
        <testcase classname="tests/ai.deck-profile-rehydration.test.ts" name="AI deck profile rehydration &gt; rebuilds the AI deck profile from battlefield, commander snapshot, and remaining library state after replay" time="0.0330979">
        </testcase>
    </testsuite>
    <testsuite name="tests/ai.mana-retention.test.ts" timestamp="2026-04-23T07:32:39.740Z" hostname="A2Ryzen9" tests="9" failures="0" errors="0" skipped="0" time="0.0060381">
[...]
        </testcase>
        <testcase classname="tests/upkeep.intervening-if.test.ts" name="Intervening-if upkeep triggers &gt; does not put &quot;if you control no Snakes&quot; each-upkeep trigger on stack when condition is false" time="0.0023107">
        </testcase>
        <testcase classname="tests/upkeep.intervening-if.test.ts" name="Intervening-if upkeep triggers &gt; fizzles at resolution if the intervening-if condition becomes false before resolving (upkeep sacrifice)" time="0.0028984">
        </testcase>
        <testcase classname="tests/upkeep.intervening-if.test.ts" name="Intervening-if upkeep triggers &gt; creates the upkeep sacrifice step when the intervening-if condition remains true" time="0.0030729">
        </testcase>
    </testsuite>
    <testsuite name="tests/vazi-keen-negotiator.ability-activated.integration.test.ts" timestamp="2026-04-23T07:32:40.110Z" hostname="A2Ryzen9" tests="3" failures="0" errors="0" skipped="0" time="0.3427104">
        <testcase classname="tests/vazi-keen-negotiator.ability-activated.integration.test.ts" name="Vazi, Keen Negotiator ability-activated trigger &gt; queues target selection and resolves counter-plus-draw when an opponent used Treasure mana on an activated ability" time="0.1800632">
        </testcase>
        <testcase classname="tests/vazi-keen-negotiator.ability-activated.integration.test.ts" name="Vazi, Keen Negotiator ability-activated trigger &gt; does not trigger when the activated ability was deterministically not paid with Treasure mana" time="0.0012173">
        </testcase>
        <testcase classname="tests/vazi-keen-negotiator.ability-activated.integration.test.ts" name="Vazi, Keen Negotiator ability-activated trigger &gt; replayed pushTriggeredAbility still queues target selection and resolves the chosen creature effect" time="0.0228842">
        </testcase>
    </testsuite>
    <testsuite name="tests/venture-initiative.integration.test.ts" timestamp="2026-04-23T07:32:40.110Z" hostname="A2Ryzen9" tests="23" failures="0" errors="0" skipped="0" time="0.4473191">
        <testcase classname="tests/venture-initiative.integration.test.ts" name="venture and initiative support (integration) &gt; queues and persists the AFR dungeon choice when a trigger says venture into the dungeon" time="0.0473875">
        </testcase>
        <testcase classname="tests/venture-initiative.integration.test.ts" name="venture and initiative support (integration) &gt; persists and replays the chosen dungeon after the venture choice is answered" time="0.029149">
        </testcase>
        <testcase classname="tests/venture-initiative.integration.test.ts" name="venture and initiative support (integration) &gt; queues and replays a Scry prompt when the chosen dungeon enters Cave Entrance" time="0.0067447">
        </testcase>
        <testcase classname="tests/venture-initiative.integration.test.ts" name="venture and initiative support (integration) &gt; applies deterministic final-room effects when venturing through a non-branching room transition" time="0.0049416">
        </testcase>
        <testcase classname="tests/venture-initiative.integration.test.ts" name="venture and initiative support (integration) &gt; queues and persists a branch-room choice when venturing from a room with multiple next rooms" time="0.0039262">
        </testcase>
        <testcase classname="tests/venture-initiative.integration.test.ts" name="venture and initiative support (integration) &gt; creates and persists a replay-safe Treasure token when choosing Stash" time="0.1099861">
        </testcase>
        <testcase classname="tests/venture-initiative.integration.test.ts" name="venture and initiative support (integration) &gt; queues Veils of Fear discard payment for players with cards and auto-applies life loss for players without a hand" time="0.0086722">
        </testcase>
        <testcase classname="tests/venture-initiative.integration.test.ts" name="venture and initiative support (integration) &gt; queues Sandfall Cell sacrifice payment for players with valid permanents and auto-applies life loss otherwise" time="0.0270637">
        </testcase>
        <testcase classname="tests/venture-initiative.integration.test.ts" name="venture and initiative support (integration) &gt; queues Oubliette as sequential discard and sacrifice payments" time="0.0076408">
        </testcase>
        <testcase classname="tests/venture-initiative.integration.test.ts" name="venture and initiative support (integration) &gt; queues and persists Fungi Cavern target-creature resolution after choosing the room" time="0.0125285">
        </testcase>
        <testcase classname="tests/venture-initiative.integration.test.ts" name="venture and initiative support (integration) &gt; exiles the top two cards for Runestone Caverns and marks them playable from exile" time="0.0049037">
        </testcase>
        <testcase classname="tests/venture-initiative.integration.test.ts" name="venture and initiative support (integration) &gt; persists and replays the chosen next room after a branch-room choice is answered" time="0.0084316">
        </testcase>
        <testcase classname="tests/venture-initiative.integration.test.ts" name="venture and initiative support (integration) &gt; queues and persists Trap target-player resolution after choosing the room" time="0.0052046">
        </testcase>
        <testcase classname="tests/venture-initiative.integration.test.ts" name="venture and initiative support (integration) &gt; queues and persists Forge target-creature resolution after choosing the room" time="0.0124151">
        </testcase>
        <testcase classname="tests/venture-initiative.integration.test.ts" name="venture and initiative support (integration) &gt; creates and persists a replay-safe Atropal token on an automatic room transition" time="0.0123337">
        </testcase>
        <testcase classname="tests/venture-initiative.integration.test.ts" name="venture and initiative support (integration) &gt; draws three cards for Mad Wizard&apos;s Lair and lets you free-cast one of the revealed spells" time="0.0322867">
        </testcase>
        <testcase classname="tests/venture-initiative.integration.test.ts" name="venture and initiative support (integration) &gt; queues and resolves Throne of the Dead Three by putting a revealed creature onto the battlefield with counters and hexproof" time="0.0208827">
        </testcase>
        <testcase classname="tests/venture-initiative.integration.test.ts" name="venture and initiative support (integration) &gt; queues and persists Twisted Caverns target-creature resolution after choosing the room" time="0.0044189">
        </testcase>
        <testcase classname="tests/venture-initiative.integration.test.ts" name="venture and initiative support (integration) &gt; queues and persists Arena target-creature resolution after choosing the room" time="0.0056267">
        </testcase>
        <testcase classname="tests/venture-initiative.integration.test.ts" name="venture and initiative support (integration) &gt; taking the initiative pushes an Undercity trigger and enters Undercity when no dungeon is active" time="0.0134251">
        </testcase>
        <testcase classname="tests/venture-initiative.integration.test.ts" name="venture and initiative support (integration) &gt; taking the initiative while in another dungeon advances that dungeon instead of starting Undercity" time="0.0093518">
        </testcase>
        <testcase classname="tests/venture-initiative.integration.test.ts" name="venture and initiative support (integration) &gt; a spell that says take the initiative pushes the same Undercity trigger flow" time="0.014565">
        </testcase>
        <testcase classname="tests/venture-initiative.integration.test.ts" name="venture and initiative support (integration) &gt; the initiative holder gets an upkeep trigger that ventures into Undercity" time="0.0210856">
        </testcase>
    </testsuite>
    <testsuite name="tests/venture-initiative.replay.test.ts" timestamp="2026-04-23T07:32:40.113Z" hostname="A2Ryzen9" tests="18" failures="0" errors="0" skipped="0" time="0.0613526">
        <testcase classname="tests/venture-initiative.replay.test.ts" name="venture and initiative replay semantics &gt; replays ventureChooseDungeonResolve by restoring the chosen dungeon, including Undercity" time="0.0231128">
        </testcase>
        <testcase classname="tests/venture-initiative.replay.test.ts" name="venture and initiative replay semantics &gt; replays ventureChooseDungeonResolve and applies deterministic entry effects" time="0.0018108">
        </testcase>
        <testcase classname="tests/venture-initiative.replay.test.ts" name="venture and initiative replay semantics &gt; replays ventureChooseRoomResolve by restoring the chosen next room snapshot" time="0.0005706">
        </testcase>
        <testcase classname="tests/venture-initiative.replay.test.ts" name="venture and initiative replay semantics &gt; replays a room-enter token event by restoring the authoritative token snapshot" time="0.0084784">
        </testcase>
        <testcase classname="tests/venture-initiative.replay.test.ts" name="venture and initiative replay semantics &gt; replays a creature-token room event by restoring keyword-bearing token stats" time="0.0006868">
        </testcase>
        <testcase classname="tests/venture-initiative.replay.test.ts" name="venture and initiative replay semantics &gt; replays a Runestone Caverns executeEffect by restoring exile state and play-from-exile permission" time="0.0006985">
        </testcase>
        <testcase classname="tests/venture-initiative.replay.test.ts" name="venture and initiative replay semantics &gt; replays a Mad Wizard&apos;s Lair executeEffect by restoring the drawn cards to hand" time="0.0004387">
        </testcase>
        <testcase classname="tests/venture-initiative.replay.test.ts" name="venture and initiative replay semantics &gt; replays dungeonRoomPenaltyChoiceResolve by clearing the queued option step and applying life loss" time="0.0012153">
        </testcase>
        <testcase classname="tests/venture-initiative.replay.test.ts" name="venture and initiative replay semantics &gt; replays dungeonRoomFreeCastChoiceResolve by clearing the queued Mad Wizard&apos;s Lair option step" time="0.0008062">
        </testcase>
        <testcase classname="tests/venture-initiative.replay.test.ts" name="venture and initiative replay semantics &gt; replays dungeonRoomThroneResolve by clearing the queued prompt and restoring the chosen creature with counters and hexproof" time="0.001563">
        </testcase>
        <testcase classname="tests/venture-initiative.replay.test.ts" name="venture and initiative replay semantics &gt; replays discardEffect by clearing a queued dungeon discard-payment step" time="0.001145">
        </testcase>
        <testcase classname="tests/venture-initiative.replay.test.ts" name="venture and initiative replay semantics &gt; replays sacrificePermanent by clearing a queued dungeon sacrifice-payment step" time="0.0074694">
        </testcase>
        <testcase classname="tests/venture-initiative.replay.test.ts" name="venture and initiative replay semantics &gt; replays Fungi Cavern target-creature resolution by clearing the queued target prompt and applying the PT modifier" time="0.0011746">
        </testcase>
        <testcase classname="tests/venture-initiative.replay.test.ts" name="venture and initiative replay semantics &gt; replays Twisted Caverns target-creature resolution by clearing the queued target prompt and applying the attack restriction" time="0.0007068">
        </testcase>
        <testcase classname="tests/venture-initiative.replay.test.ts" name="venture and initiative replay semantics &gt; replays ventureChooseRoomResolve completion by recording completion and clearing active progress" time="0.0014327">
        </testcase>
        <testcase classname="tests/venture-initiative.replay.test.ts" name="venture and initiative replay semantics &gt; replays Trap target-player resolution by clearing the queued player prompt and applying life loss" time="0.0010637">
        </testcase>
        <testcase classname="tests/venture-initiative.replay.test.ts" name="venture and initiative replay semantics &gt; replays Forge target-creature resolution by clearing the queued target prompt and applying counters" time="0.0044411">
        </testcase>
        <testcase classname="tests/venture-initiative.replay.test.ts" name="venture and initiative replay semantics &gt; replays Arena target-creature resolution by clearing the queued target prompt and applying goad" time="0.0007662">
        </testcase>
    </testsuite>
    <testsuite name="tests/vote-submit.replay.test.ts" timestamp="2026-04-23T07:32:40.114Z" hostname="A2Ryzen9" tests="3" failures="0" errors="0" skipped="0" time="0.0273192">
        <testcase classname="tests/vote-submit.replay.test.ts" name="voteSubmit replay semantics &gt; rebuilds active vote state with the full persisted choice list" time="0.0217111">
        </testcase>
        <testcase classname="tests/vote-submit.replay.test.ts" name="voteSubmit replay semantics &gt; falls back to reconstructing choices from vote submissions for legacy thin events" time="0.0004933">
        </testcase>
        <testcase classname="tests/vote-submit.replay.test.ts" name="voteSubmit replay semantics &gt; appends replayed votes to an existing active vote" time="0.0002961">
        </testcase>
    </testsuite>
    <testsuite name="tests/vote.validate-before-complete.integration.test.ts" timestamp="2026-04-23T07:32:40.115Z" hostname="A2Ryzen9" tests="1" failures="0" errors="0" skipped="0" time="0.0345925">
        <testcase classname="tests/vote.validate-before-complete.integration.test.ts" name="VOTE validate-before-complete (integration) &gt; does not consume the step on invalid selection" time="0.0209693">
        </testcase>
    </testsuite>
    <testsuite name="tests/ward-payment.integration.test.ts" timestamp="2026-04-23T07:32:40.115Z" hostname="A2Ryzen9" tests="4" failures="0" errors="0" skipped="0" time="0.6787963">
        <testcase classname="tests/ward-payment.integration.test.ts" name="ward mana payment flow &gt; queues mana ward payment without requiring floating mana and allows untapped lands to pay it" time="0.1858643">
        </testcase>
        <testcase classname="tests/ward-payment.integration.test.ts" name="ward mana payment flow &gt; lets ward payment use a fixed mixed-color bundle from a signet-style source" time="0.0178458">
        </testcase>
        <testcase classname="tests/ward-payment.integration.test.ts" name="ward mana payment flow &gt; persists mana ward payment evidence for Treasure-backed payments" time="0.0138863">
        </testcase>
        <testcase classname="tests/ward-payment.integration.test.ts" name="ward mana payment flow &gt; leaves an uncounterable pending spell intact when ward is declined" time="0.004336">
        </testcase>
    </testsuite>
    <testsuite name="tests/ward-payment.replay.test.ts" timestamp="2026-04-23T07:32:40.116Z" hostname="A2Ryzen9" tests="2" failures="0" errors="0" skipped="0" time="0.0286725">
        <testcase classname="tests/ward-payment.replay.test.ts" name="ward payment replay semantics &gt; replays targetSelectionWardPrompt by restoring stack targets and queued ward prompts" time="0.0226438">
        </testcase>
        <testcase classname="tests/ward-payment.replay.test.ts" name="ward payment replay semantics &gt; replays wardPaymentResolve by clearing the queued prompt and restoring Treasure-backed payment evidence" time="0.0023581">
        </testcase>
    </testsuite>
    <testsuite name="tests/warrior-damage-intervening-if-plumbing.test.ts" timestamp="2026-04-23T07:32:40.116Z" hostname="A2Ryzen9" tests="2" failures="0" errors="0" skipped="0" time="0.1228343">
        <testcase classname="tests/warrior-damage-intervening-if-plumbing.test.ts" name="intervening-if plumbing: warrior damage source refs &gt; suppresses trigger at trigger-time when damage source is not a Warrior" time="0.0850343">
        </testcase>
        <testcase classname="tests/warrior-damage-intervening-if-plumbing.test.ts" name="intervening-if plumbing: warrior damage source refs &gt; queues trigger when damage source is a Warrior" time="0.0342077">
        </testcase>
    </testsuite>
    <testsuite name="tests/was-cast-shorthand.intervening-if.test.ts" timestamp="2026-04-23T07:32:40.117Z" hostname="A2Ryzen9" tests="5" failures="0" errors="0" skipped="0" time="0.0416156">
        <testcase classname="tests/was-cast-shorthand.intervening-if.test.ts" name="Intervening-if: &quot;if he/she/it was cast&quot; / &quot;if this &lt;thing&gt; was cast&quot; &gt; returns null when there is no cast provenance evidence" time="0.0369393">
        </testcase>
        <testcase classname="tests/was-cast-shorthand.intervening-if.test.ts" name="Intervening-if: &quot;if he/she/it was cast&quot; / &quot;if this &lt;thing&gt; was cast&quot; &gt; returns true when cast source zone is present as `source` (common stack-item field)" time="0.0005732">
        </testcase>
        <testcase classname="tests/was-cast-shorthand.intervening-if.test.ts" name="Intervening-if: &quot;if he/she/it was cast&quot; / &quot;if this &lt;thing&gt; was cast&quot; &gt; returns true when any cast-from flag is present, even if false (presence implies cast happened)" time="0.0002852">
        </testcase>
        <testcase classname="tests/was-cast-shorthand.intervening-if.test.ts" name="Intervening-if: &quot;if he/she/it was cast&quot; / &quot;if this &lt;thing&gt; was cast&quot; &gt; returns true when castFromForetell is present" time="0.0006678">
        </testcase>
        <testcase classname="tests/was-cast-shorthand.intervening-if.test.ts" name="Intervening-if: &quot;if he/she/it was cast&quot; / &quot;if this &lt;thing&gt; was cast&quot; &gt; uses explicit refs.wasCast boolean when provided" time="0.0004601">
        </testcase>
    </testsuite>
    <testsuite name="tests/would-draw-a-card.intervening-if.test.ts" timestamp="2026-04-23T07:32:40.118Z" hostname="A2Ryzen9" tests="2" failures="0" errors="0" skipped="0" time="0.0929323">
        <testcase classname="tests/would-draw-a-card.intervening-if.test.ts" name="Intervening-if: &apos;if you would draw a card&apos; (Item 82) &gt; returns true/false when explicit refs are provided" time="0.0881909">
        </testcase>
        <testcase classname="tests/would-draw-a-card.intervening-if.test.ts" name="Intervening-if: &apos;if you would draw a card&apos; (Item 82) &gt; returns null when refs are missing" time="0.0011232">
        </testcase>
    </testsuite>
    <testsuite name="tests/x-activated-abilities.regressions.test.ts" timestamp="2026-04-23T07:32:40.118Z" hostname="A2Ryzen9" tests="2" failures="0" errors="0" skipped="0" time="0.0057102">
        <testcase classname="tests/x-activated-abilities.regressions.test.ts" name="X-activated abilities (regressions) &gt; Crypt Rats {X} deals X damage to each creature and each player" time="0.00278">
        </testcase>
        <testcase classname="tests/x-activated-abilities.regressions.test.ts" name="X-activated abilities (regressions) &gt; Helix Pinnacle {X} puts X tower counters on itself" time="0.0005305">
        </testcase>
    </testsuite>
    <testsuite name="tests/x-value-selection.validate-before-complete.integration.test.ts" timestamp="2026-04-23T07:32:40.119Z" hostname="A2Ryzen9" tests="1" failures="0" errors="0" skipped="0" time="0.0532778">
        <testcase classname="tests/x-value-selection.validate-before-complete.integration.test.ts" name="X_VALUE_SELECTION validate-before-complete (integration) &gt; does not consume the step on invalid X selection (Blight X stage)" time="0.0376398">
        </testcase>
    </testsuite>
</testsuites>
