{"numTotalTestSuites":2,"numPassedTestSuites":0,"numFailedTestSuites":2,"numPendingTestSuites":0,"numTotalTests":820,"numPassedTests":802,"numFailedTests":18,"numPendingTests":0,"numTodoTests":0,"snapshot":{"added":0,"failure":false,"filesAdded":0,"filesRemoved":0,"filesRemovedList":[],"filesUnmatched":0,"filesUpdated":0,"matched":0,"total":0,"unchecked":0,"uncheckedKeysByFile":[],"unmatched":0,"updated":0,"didUpdate":false},"startTime":1776791813650,"success":false,"testResults":[{"assertionResults":[{"ancestorTitles":["Oracle IR Parser"],"fullName":"Oracle IR Parser parses ordered draw/then-discard into IR steps","status":"passed","title":"parses ordered draw/then-discard into IR steps","duration":103.36479999999995,"failureMessages":[],"meta":{}},{"ancestorTitles":["Oracle IR Parser"],"fullName":"Oracle IR Parser parses Myr Battlesphere into tap-count plus conditional buff-and-damage steps","status":"passed","title":"parses Myr Battlesphere into tap-count plus conditional buff-and-damage steps","duration":24.322099999999978,"failureMessages":[],"meta":{}},{"ancestorTitles":["Oracle IR Parser"],"fullName":"Oracle IR Parser parses Disturb keyword lines into graveyard-cast permission plus transformed-entry metadata","status":"passed","title":"parses Disturb keyword lines into graveyard-cast permission plus transformed-entry metadata","duration":5.4126999999999725,"failureMessages":[],"meta":{}},{"ancestorTitles":["Oracle IR Parser"],"fullName":"Oracle IR Parser parses Autumn's Veil into turn-scoped spell protection and creature targeting protection","status":"passed","title":"parses Autumn's Veil into turn-scoped spell protection and creature targeting protection","duration":3.8976000000000113,"failureMessages":[],"meta":{}},{"ancestorTitles":["Oracle IR Parser"],"fullName":"Oracle IR Parser parses Savage Summoning into a next-creature future spell effect bundle","status":"passed","title":"parses Savage Summoning into a next-creature future spell effect bundle","duration":10.121399999999994,"failureMessages":[],"meta":{}},{"ancestorTitles":["Oracle IR Parser"],"fullName":"Oracle IR Parser upgrades exile-top into impulse for \"cards exiled with this creature\" permission","status":"passed","title":"upgrades exile-top into impulse for \"cards exiled with this creature\" permission","duration":8.475399999999922,"failureMessages":[],"meta":{}},{"ancestorTitles":["Oracle IR Parser"],"fullName":"Oracle IR Parser parses Intrepid Paleontologist into a linked-exile cast-permission step with finality metadata","status":"passed","title":"parses Intrepid Paleontologist into a linked-exile cast-permission step with finality metadata","duration":8.70920000000001,"failureMessages":[],"meta":{}},{"ancestorTitles":["Oracle IR Parser"],"fullName":"Oracle IR Parser parses Boiling Rock Rioter into the linked-exile attack trigger shape","status":"passed","title":"parses Boiling Rock Rioter into the linked-exile attack trigger shape","duration":3.6066999999999325,"failureMessages":[],"meta":{}},{"ancestorTitles":["Oracle IR Parser"],"fullName":"Oracle IR Parser prunes firebending reminder abilities while retaining the keyword","status":"passed","title":"prunes firebending reminder abilities while retaining the keyword","duration":2.3584999999998217,"failureMessages":[],"meta":{}},{"ancestorTitles":["Oracle IR Parser"],"fullName":"Oracle IR Parser prunes waterbend reminder shards while retaining the keyword","status":"passed","title":"prunes waterbend reminder shards while retaining the keyword","duration":3.7017000000000735,"failureMessages":[],"meta":{}},{"ancestorTitles":["Oracle IR Parser"],"fullName":"Oracle IR Parser prunes earthbend reminder shards while keeping the core earthbend step visible","status":"passed","title":"prunes earthbend reminder shards while keeping the core earthbend step visible","duration":4.043899999999894,"failureMessages":[],"meta":{}},{"ancestorTitles":["Oracle IR Parser"],"fullName":"Oracle IR Parser prunes split Powerstone reminder tails after token creation","status":"passed","title":"prunes split Powerstone reminder tails after token creation","duration":4.098700000000008,"failureMessages":[],"meta":{}},{"ancestorTitles":["Oracle IR Parser"],"fullName":"Oracle IR Parser prunes wither reminder abilities while retaining the keyword","status":"passed","title":"prunes wither reminder abilities while retaining the keyword","duration":1.3956000000000586,"failureMessages":[],"meta":{}},{"ancestorTitles":["Oracle IR Parser"],"fullName":"Oracle IR Parser prunes station reminder abilities while retaining the keyword","status":"passed","title":"prunes station reminder abilities while retaining the keyword","duration":3.2176999999999225,"failureMessages":[],"meta":{}},{"ancestorTitles":["Oracle IR Parser"],"fullName":"Oracle IR Parser prunes saddle reminder abilities while retaining the keyword","status":"passed","title":"prunes saddle reminder abilities while retaining the keyword","duration":1.7576000000001386,"failureMessages":[],"meta":{}},{"ancestorTitles":["Oracle IR Parser"],"fullName":"Oracle IR Parser prunes mixed station sorcery-speed reminder shards from full card text","status":"passed","title":"prunes mixed station sorcery-speed reminder shards from full card text","duration":3.3713000000000193,"failureMessages":[],"meta":{}},{"ancestorTitles":["Oracle IR Parser"],"fullName":"Oracle IR Parser prunes bushido reminder abilities while retaining the keyword","status":"passed","title":"prunes bushido reminder abilities while retaining the keyword","duration":1.1181000000001404,"failureMessages":[],"meta":{}},{"ancestorTitles":["Oracle IR Parser"],"fullName":"Oracle IR Parser parses Emperor of Bones into the linked-exile reanimation shape","status":"failed","title":"parses Emperor of Bones into the linked-exile reanimation shape","duration":19.75109999999995,"failureMessages":["AssertionError: expected 'grant_temporary_ability' to be 'unknown' // Object.is equality\n    at D:/Git/MTGEDH/rules-engine/test/oracleIRParser.test.ts:341:36\n    at file:///D:/Git/MTGEDH/node_modules/@vitest/runner/dist/index.js:145:11\n    at file:///D:/Git/MTGEDH/node_modules/@vitest/runner/dist/index.js:915:26\n    at file:///D:/Git/MTGEDH/node_modules/@vitest/runner/dist/index.js:1243:20\n    at new Promise (<anonymous>)\n    at runWithTimeout (file:///D:/Git/MTGEDH/node_modules/@vitest/runner/dist/index.js:1209:10)\n    at file:///D:/Git/MTGEDH/node_modules/@vitest/runner/dist/index.js:1653:37\n    at Traces.$ (file:///D:/Git/MTGEDH/node_modules/vitest/dist/chunks/traces.U4xDYhzZ.js:115:27)\n    at trace (file:///D:/Git/MTGEDH/node_modules/vitest/dist/chunks/test.B8ej_ZHS.js:239:21)\n    at runTest (file:///D:/Git/MTGEDH/node_modules/@vitest/runner/dist/index.js:1653:12)"],"meta":{}},{"ancestorTitles":["Oracle IR Parser"],"fullName":"Oracle IR Parser parses The Spot, Living Portal into the linked-exile death trigger shape","status":"passed","title":"parses The Spot, Living Portal into the linked-exile death trigger shape","duration":5.551799999999957,"failureMessages":[],"meta":{}},{"ancestorTitles":["Oracle IR Parser"],"fullName":"Oracle IR Parser parses Ardyn, the Usurper into exile plus conditional copy-token follow-up steps","status":"passed","title":"parses Ardyn, the Usurper into exile plus conditional copy-token follow-up steps","duration":5.265100000000075,"failureMessages":[],"meta":{}},{"ancestorTitles":["Oracle IR Parser"],"fullName":"Oracle IR Parser parses Dino DNA token-copy activation into a create_token step linked to exiled cards","status":"passed","title":"parses Dino DNA token-copy activation into a create_token step linked to exiled cards","duration":2.3379999999999654,"failureMessages":[],"meta":{}},{"ancestorTitles":["Oracle IR Parser"],"fullName":"Oracle IR Parser parses Dimir Doppelganger into exile plus copy-permanent follow-up steps","status":"passed","title":"parses Dimir Doppelganger into exile plus copy-permanent follow-up steps","duration":1.3618999999998778,"failureMessages":[],"meta":{}},{"ancestorTitles":["Oracle IR Parser"],"fullName":"Oracle IR Parser upgrades exile-top into impulse for Hauken's Insight-style 'Once during each of your turns' permission (corpus)","status":"passed","title":"upgrades exile-top into impulse for Hauken's Insight-style 'Once during each of your turns' permission (corpus)","duration":95.68189999999981,"failureMessages":[],"meta":{}},{"ancestorTitles":["Oracle IR Parser"],"fullName":"Oracle IR Parser parses token creation into IR steps","status":"passed","title":"parses token creation into IR steps","duration":1.5868000000000393,"failureMessages":[],"meta":{}},{"ancestorTitles":["Oracle IR Parser"],"fullName":"Oracle IR Parser splits sacrifice-leading conjunction clauses so deterministic self-sacrifice can execute","status":"passed","title":"splits sacrifice-leading conjunction clauses so deterministic self-sacrifice can execute","duration":1.448699999999917,"failureMessages":[],"meta":{}},{"ancestorTitles":["Oracle IR Parser"],"fullName":"Oracle IR Parser preserves unsupported sacrifice follow-ups as explicit unknown steps after splitting","status":"passed","title":"preserves unsupported sacrifice follow-ups as explicit unknown steps after splitting","duration":3.231499999999869,"failureMessages":[],"meta":{}},{"ancestorTitles":["Oracle IR Parser"],"fullName":"Oracle IR Parser splits named-self sacrifice conjunctions while preserving then-sequence metadata","status":"passed","title":"splits named-self sacrifice conjunctions while preserving then-sequence metadata","duration":1.3084000000001197,"failureMessages":[],"meta":{}},{"ancestorTitles":["Oracle IR Parser"],"fullName":"Oracle IR Parser normalizes legendary shorthand self-references before sacrifice parsing","status":"passed","title":"normalizes legendary shorthand self-references before sacrifice parsing","duration":0.9264000000000578,"failureMessages":[],"meta":{}},{"ancestorTitles":["Oracle IR Parser"],"fullName":"Oracle IR Parser preserves condition-gated shorthand legendary self-reference conjunctions as a conditional wrapper","status":"failed","title":"preserves condition-gated shorthand legendary self-reference conjunctions as a conditional wrapper","duration":3.546199999999999,"failureMessages":["AssertionError: expected { kind: 'reference_amount', …(1) } to deeply equal { kind: 'unknown', raw: 'that much' }\n    at D:/Git/MTGEDH/rules-engine/test/oracleIRParser.test.ts:533:38\n    at file:///D:/Git/MTGEDH/node_modules/@vitest/runner/dist/index.js:145:11\n    at file:///D:/Git/MTGEDH/node_modules/@vitest/runner/dist/index.js:915:26\n    at file:///D:/Git/MTGEDH/node_modules/@vitest/runner/dist/index.js:1243:20\n    at new Promise (<anonymous>)\n    at runWithTimeout (file:///D:/Git/MTGEDH/node_modules/@vitest/runner/dist/index.js:1209:10)\n    at file:///D:/Git/MTGEDH/node_modules/@vitest/runner/dist/index.js:1653:37\n    at Traces.$ (file:///D:/Git/MTGEDH/node_modules/vitest/dist/chunks/traces.U4xDYhzZ.js:115:27)\n    at trace (file:///D:/Git/MTGEDH/node_modules/vitest/dist/chunks/test.B8ej_ZHS.js:239:21)\n    at runTest (file:///D:/Git/MTGEDH/node_modules/@vitest/runner/dist/index.js:1653:12)"],"meta":{}},{"ancestorTitles":["Oracle IR Parser"],"fullName":"Oracle IR Parser parses leading conditional sacrifice conjunctions into wrapped inner steps","status":"passed","title":"parses leading conditional sacrifice conjunctions into wrapped inner steps","duration":1.297399999999925,"failureMessages":[],"meta":{}},{"ancestorTitles":["Oracle IR Parser"],"fullName":"Oracle IR Parser lowers self-win fragments inside parsed conditionals","status":"passed","title":"lowers self-win fragments inside parsed conditionals","duration":0.803000000000111,"failureMessages":[],"meta":{}},{"ancestorTitles":["Oracle IR Parser"],"fullName":"Oracle IR Parser parses standalone self-loss clauses into lose_game steps","status":"passed","title":"parses standalone self-loss clauses into lose_game steps","duration":0.6845000000000709,"failureMessages":[],"meta":{}},{"ancestorTitles":["Oracle IR Parser"],"fullName":"Oracle IR Parser parses leading conditional sacrifice wrappers with comma-delimited followups","status":"passed","title":"parses leading conditional sacrifice wrappers with comma-delimited followups","duration":1.5281999999999698,"failureMessages":[],"meta":{}},{"ancestorTitles":["Oracle IR Parser"],"fullName":"Oracle IR Parser parses conditional sacrifice wrappers that were split by top-level then handling","status":"failed","title":"parses conditional sacrifice wrappers that were split by top-level then handling","duration":1.7549000000001342,"failureMessages":["AssertionError: expected { kind: 'reference_amount', …(1) } to deeply equal { kind: 'unknown', raw: 'that much' }\n    at D:/Git/MTGEDH/rules-engine/test/oracleIRParser.test.ts:611:38\n    at file:///D:/Git/MTGEDH/node_modules/@vitest/runner/dist/index.js:145:11\n    at file:///D:/Git/MTGEDH/node_modules/@vitest/runner/dist/index.js:915:26\n    at file:///D:/Git/MTGEDH/node_modules/@vitest/runner/dist/index.js:1243:20\n    at new Promise (<anonymous>)\n    at runWithTimeout (file:///D:/Git/MTGEDH/node_modules/@vitest/runner/dist/index.js:1209:10)\n    at file:///D:/Git/MTGEDH/node_modules/@vitest/runner/dist/index.js:1653:37\n    at Traces.$ (file:///D:/Git/MTGEDH/node_modules/vitest/dist/chunks/traces.U4xDYhzZ.js:115:27)\n    at trace (file:///D:/Git/MTGEDH/node_modules/vitest/dist/chunks/test.B8ej_ZHS.js:239:21)\n    at runTest (file:///D:/Git/MTGEDH/node_modules/@vitest/runner/dist/index.js:1653:12)"],"meta":{}},{"ancestorTitles":["Oracle IR Parser"],"fullName":"Oracle IR Parser splits named-self sacrifice conjunctions that continue with \"it deals\"","status":"passed","title":"splits named-self sacrifice conjunctions that continue with \"it deals\"","duration":1.3442000000000007,"failureMessages":[],"meta":{}},{"ancestorTitles":["Oracle IR Parser"],"fullName":"Oracle IR Parser splits explicit self-reference sacrifice conjunctions that continue with \"it deals\"","status":"passed","title":"splits explicit self-reference sacrifice conjunctions that continue with \"it deals\"","duration":1.1980000000000928,"failureMessages":[],"meta":{}},{"ancestorTitles":["Oracle IR Parser"],"fullName":"Oracle IR Parser parses optional tap-or-untap target permanent clauses","status":"passed","title":"parses optional tap-or-untap target permanent clauses","duration":0.6544000000001233,"failureMessages":[],"meta":{}},{"ancestorTitles":["Oracle IR Parser"],"fullName":"Oracle IR Parser parses direct tap target clauses as fixed tap actions","status":"passed","title":"parses direct tap target clauses as fixed tap actions","duration":0.578499999999849,"failureMessages":[],"meta":{}},{"ancestorTitles":["Oracle IR Parser"],"fullName":"Oracle IR Parser parses direct untap target clauses as fixed untap actions","status":"passed","title":"parses direct untap target clauses as fixed untap actions","duration":0.6018999999998869,"failureMessages":[],"meta":{}},{"ancestorTitles":["Oracle IR Parser"],"fullName":"Oracle IR Parser parses 'it doesn't untap during its controller's next untap step' into skip_next_untap","status":"passed","title":"parses 'it doesn't untap during its controller's next untap step' into skip_next_untap","duration":1.0828000000001339,"failureMessages":[],"meta":{}},{"ancestorTitles":["Oracle IR Parser"],"fullName":"Oracle IR Parser parses 'that creature doesn't untap during its controller's next untap step' into skip_next_untap","status":"passed","title":"parses 'that creature doesn't untap during its controller's next untap step' into skip_next_untap","duration":1.0634999999999764,"failureMessages":[],"meta":{}},{"ancestorTitles":["Oracle IR Parser"],"fullName":"Oracle IR Parser parses untap-all clauses as fixed untap actions","status":"passed","title":"parses untap-all clauses as fixed untap actions","duration":0.5964000000001306,"failureMessages":[],"meta":{}},{"ancestorTitles":["Oracle IR Parser"],"fullName":"Oracle IR Parser parses enchanted-creature tap clauses as fixed tap actions","status":"passed","title":"parses enchanted-creature tap clauses as fixed tap actions","duration":0.5643000000000029,"failureMessages":[],"meta":{}},{"ancestorTitles":["Oracle IR Parser"],"fullName":"Oracle IR Parser parses add one mana of any color into an add_mana choice step","status":"passed","title":"parses add one mana of any color into an add_mana choice step","duration":0.5588999999999942,"failureMessages":[],"meta":{}},{"ancestorTitles":["Oracle IR Parser"],"fullName":"Oracle IR Parser parses choose-a-color plus chosen-color mana across the resulting abilities","status":"passed","title":"parses choose-a-color plus chosen-color mana across the resulting abilities","duration":0.7897000000000389,"failureMessages":[],"meta":{}},{"ancestorTitles":["Oracle IR Parser"],"fullName":"Oracle IR Parser parses add three mana of any one color into a chosen-color add_mana step","status":"passed","title":"parses add three mana of any one color into a chosen-color add_mana step","duration":0.6202999999998156,"failureMessages":[],"meta":{}},{"ancestorTitles":["Oracle IR Parser"],"fullName":"Oracle IR Parser parses add two mana in any combination of colors into a multi-choice add_mana step","status":"passed","title":"parses add two mana in any combination of colors into a multi-choice add_mana step","duration":0.6249000000000251,"failureMessages":[],"meta":{}},{"ancestorTitles":["Oracle IR Parser"],"fullName":"Oracle IR Parser lowers short self choose-a-color enters text into a choose_color step","status":"passed","title":"lowers short self choose-a-color enters text into a choose_color step","duration":0.7322999999998956,"failureMessages":[],"meta":{}},{"ancestorTitles":["Oracle IR Parser"],"fullName":"Oracle IR Parser expands chosen-color protection grants into choose_color plus a temporary ability grant","status":"passed","title":"expands chosen-color protection grants into choose_color plus a temporary ability grant","duration":0.8659000000000106,"failureMessages":[],"meta":{}},{"ancestorTitles":["Oracle IR Parser"],"fullName":"Oracle IR Parser parses choose a creature type into a choose_creature_type step","status":"passed","title":"parses choose a creature type into a choose_creature_type step","duration":0.539299999999912,"failureMessages":[],"meta":{}},{"ancestorTitles":["Oracle IR Parser"],"fullName":"Oracle IR Parser lowers self-entry choose-a-creature-type text into a choose_creature_type step","status":"passed","title":"lowers self-entry choose-a-creature-type text into a choose_creature_type step","duration":0.6679000000001452,"failureMessages":[],"meta":{}},{"ancestorTitles":["Oracle IR Parser"],"fullName":"Oracle IR Parser parses choose a card name into a choose_card_name step","status":"passed","title":"parses choose a card name into a choose_card_name step","duration":0.49299999999993815,"failureMessages":[],"meta":{}},{"ancestorTitles":["Oracle IR Parser"],"fullName":"Oracle IR Parser lowers gift promise clauses into an optional choose_opponent step","status":"passed","title":"lowers gift promise clauses into an optional choose_opponent step","duration":1.3178000000000338,"failureMessages":[],"meta":{}},{"ancestorTitles":["Oracle IR Parser"],"fullName":"Oracle IR Parser lowers hidden agenda name choice and prunes the reveal reminder tail","status":"passed","title":"lowers hidden agenda name choice and prunes the reveal reminder tail","duration":1.5648999999998523,"failureMessages":[],"meta":{}},{"ancestorTitles":["Oracle IR Parser"],"fullName":"Oracle IR Parser parses choose target creature into a choose_target_creature step","status":"passed","title":"parses choose target creature into a choose_target_creature step","duration":0.5740000000000691,"failureMessages":[],"meta":{}},{"ancestorTitles":["Oracle IR Parser"],"fullName":"Oracle IR Parser parses Class level bars into gain_class_level steps","status":"passed","title":"parses Class level bars into gain_class_level steps","duration":2.825700000000097,"failureMessages":[],"meta":{}},{"ancestorTitles":["Oracle IR Parser"],"fullName":"Oracle IR Parser prunes standalone cast additional-cost text while keeping the spell effect steps","status":"passed","title":"prunes standalone cast additional-cost text while keeping the spell effect steps","duration":1.220299999999952,"failureMessages":[],"meta":{}},{"ancestorTitles":["Oracle IR Parser"],"fullName":"Oracle IR Parser parses battlefield tutors that enter tapped and shuffle","status":"passed","title":"parses battlefield tutors that enter tapped and shuffle","duration":0.9398000000001048,"failureMessages":[],"meta":{}},{"ancestorTitles":["Oracle IR Parser"],"fullName":"Oracle IR Parser parses plural battlefield tutors that put two lands onto the battlefield tapped and shuffle","status":"passed","title":"parses plural battlefield tutors that put two lands onto the battlefield tapped and shuffle","duration":0.900899999999865,"failureMessages":[],"meta":{}},{"ancestorTitles":["Oracle IR Parser"],"fullName":"Oracle IR Parser parses reveal-shuffle tutors that put the found card on top of the library","status":"passed","title":"parses reveal-shuffle tutors that put the found card on top of the library","duration":1.211799999999812,"failureMessages":[],"meta":{}},{"ancestorTitles":["Oracle IR Parser"],"fullName":"Oracle IR Parser parses non-reveal shuffle tutors that put the found card on top of the library","status":"passed","title":"parses non-reveal shuffle tutors that put the found card on top of the library","duration":1.1288999999999305,"failureMessages":[],"meta":{}},{"ancestorTitles":["Oracle IR Parser"],"fullName":"Oracle IR Parser merges may-search triggered clauses that shuffle and put the found card on top","status":"failed","title":"merges may-search triggered clauses that shuffle and put the found card on top","duration":2.4466999999999643,"failureMessages":["AssertionError: expected { type: 'triggered', …(6) } to deeply equal ObjectContaining{…}\n    at D:/Git/MTGEDH/rules-engine/test/oracleIRParser.test.ts:1022:29\n    at file:///D:/Git/MTGEDH/node_modules/@vitest/runner/dist/index.js:145:11\n    at file:///D:/Git/MTGEDH/node_modules/@vitest/runner/dist/index.js:915:26\n    at file:///D:/Git/MTGEDH/node_modules/@vitest/runner/dist/index.js:1243:20\n    at new Promise (<anonymous>)\n    at runWithTimeout (file:///D:/Git/MTGEDH/node_modules/@vitest/runner/dist/index.js:1209:10)\n    at file:///D:/Git/MTGEDH/node_modules/@vitest/runner/dist/index.js:1653:37\n    at Traces.$ (file:///D:/Git/MTGEDH/node_modules/vitest/dist/chunks/traces.U4xDYhzZ.js:115:27)\n    at trace (file:///D:/Git/MTGEDH/node_modules/vitest/dist/chunks/test.B8ej_ZHS.js:239:21)\n    at runTest (file:///D:/Git/MTGEDH/node_modules/@vitest/runner/dist/index.js:1653:12)"],"meta":{}},{"ancestorTitles":["Oracle IR Parser"],"fullName":"Oracle IR Parser parses standalone shuffle your library clauses","status":"passed","title":"parses standalone shuffle your library clauses","duration":0.5108000000000175,"failureMessages":[],"meta":{}},{"ancestorTitles":["Oracle IR Parser"],"fullName":"Oracle IR Parser parses multi-token creation in a single clause into multiple steps","status":"passed","title":"parses multi-token creation in a single clause into multiple steps","duration":0.8613000000000284,"failureMessages":[],"meta":{}},{"ancestorTitles":["Oracle IR Parser"],"fullName":"Oracle IR Parser preserves who selector for multi-token create clauses","status":"passed","title":"preserves who selector for multi-token create clauses","duration":0.6761999999998807,"failureMessages":[],"meta":{}},{"ancestorTitles":["Oracle IR Parser"],"fullName":"Oracle IR Parser normalizes \"each of your opponents\" into an each_opponent selector","status":"passed","title":"normalizes \"each of your opponents\" into an each_opponent selector","duration":0.5325000000000273,"failureMessages":[],"meta":{}},{"ancestorTitles":["Oracle IR Parser"],"fullName":"Oracle IR Parser normalizes \"your opponents\" into an each_opponent selector","status":"passed","title":"normalizes \"your opponents\" into an each_opponent selector","duration":0.5683999999998832,"failureMessages":[],"meta":{}},{"ancestorTitles":["Oracle IR Parser"],"fullName":"Oracle IR Parser parses \"each of those opponents\" as contextual selector","status":"passed","title":"parses \"each of those opponents\" as contextual selector","duration":0.5951000000000022,"failureMessages":[],"meta":{}},{"ancestorTitles":["Oracle IR Parser"],"fullName":"Oracle IR Parser parses \"those opponents\" as contextual selector alias","status":"passed","title":"parses \"those opponents\" as contextual selector alias","duration":0.5804000000000542,"failureMessages":[],"meta":{}},{"ancestorTitles":["Oracle IR Parser"],"fullName":"Oracle IR Parser parses \"all of those opponents\" as contextual selector alias","status":"passed","title":"parses \"all of those opponents\" as contextual selector alias","duration":0.5634999999999764,"failureMessages":[],"meta":{}},{"ancestorTitles":["Oracle IR Parser"],"fullName":"Oracle IR Parser parses \"all those opponents\" as contextual selector alias","status":"passed","title":"parses \"all those opponents\" as contextual selector alias","duration":0.5748999999998432,"failureMessages":[],"meta":{}},{"ancestorTitles":["Oracle IR Parser"],"fullName":"Oracle IR Parser parses \"him or her\" as target_player for deterministic life loss","status":"passed","title":"parses \"him or her\" as target_player for deterministic life loss","duration":0.5454999999999472,"failureMessages":[],"meta":{}},{"ancestorTitles":["Oracle IR Parser"],"fullName":"Oracle IR Parser parses \"that creature's owner\" as target_player for deterministic draw","status":"passed","title":"parses \"that creature's owner\" as target_player for deterministic draw","duration":0.5831000000000586,"failureMessages":[],"meta":{}},{"ancestorTitles":["Oracle IR Parser"],"fullName":"Oracle IR Parser parses exile_top for each of your opponents' libraries","status":"passed","title":"parses exile_top for each of your opponents' libraries","duration":0.4334000000001197,"failureMessages":[],"meta":{}},{"ancestorTitles":["Oracle IR Parser"],"fullName":"Oracle IR Parser parses exile_top for those opponents' libraries as contextual selector alias","status":"passed","title":"parses exile_top for those opponents' libraries as contextual selector alias","duration":0.4452000000001135,"failureMessages":[],"meta":{}},{"ancestorTitles":["Oracle IR Parser"],"fullName":"Oracle IR Parser parses exile_top for all of those opponents' libraries as contextual selector alias","status":"passed","title":"parses exile_top for all of those opponents' libraries as contextual selector alias","duration":0.41039999999998145,"failureMessages":[],"meta":{}},{"ancestorTitles":["Oracle IR Parser"],"fullName":"Oracle IR Parser parses exile_top for each opponent’s library (curly apostrophe)","status":"passed","title":"parses exile_top for each opponent’s library (curly apostrophe)","duration":0.4782999999999902,"failureMessages":[],"meta":{}},{"ancestorTitles":["Oracle IR Parser"],"fullName":"Oracle IR Parser parses exile_top for each opponent's library (straight apostrophe)","status":"passed","title":"parses exile_top for each opponent's library (straight apostrophe)","duration":0.39810000000011314,"failureMessages":[],"meta":{}},{"ancestorTitles":["Oracle IR Parser"],"fullName":"Oracle IR Parser parses exile_top for 'put the top card of each opponent's library into exile'","status":"passed","title":"parses exile_top for 'put the top card of each opponent's library into exile'","duration":0.4938999999999396,"failureMessages":[],"meta":{}},{"ancestorTitles":["Oracle IR Parser"],"fullName":"Oracle IR Parser parses battlefield attachment metadata for \"attached to this creature\"","status":"passed","title":"parses battlefield attachment metadata for \"attached to this creature\"","duration":0.8156999999998789,"failureMessages":[],"meta":{}},{"ancestorTitles":["Oracle IR Parser"],"fullName":"Oracle IR Parser parses battlefield attachment metadata for \"attached to a creature you control\"","status":"passed","title":"parses battlefield attachment metadata for \"attached to a creature you control\"","duration":0.7533000000000811,"failureMessages":[],"meta":{}},{"ancestorTitles":["Oracle IR Parser"],"fullName":"Oracle IR Parser expands Necromancy-style return-and-attach wording into move_zone plus attach","status":"passed","title":"expands Necromancy-style return-and-attach wording into move_zone plus attach","duration":0.993199999999888,"failureMessages":[],"meta":{}},{"ancestorTitles":["Oracle IR Parser"],"fullName":"Oracle IR Parser expands quoted emblem creation into a create_emblem step","status":"passed","title":"expands quoted emblem creation into a create_emblem step","duration":0.8895999999999731,"failureMessages":[],"meta":{}},{"ancestorTitles":["Oracle IR Parser"],"fullName":"Oracle IR Parser merges Unnatural Restoration's proliferate rider into the same ability","status":"passed","title":"merges Unnatural Restoration's proliferate rider into the same ability","duration":1.4704000000001543,"failureMessages":[],"meta":{}},{"ancestorTitles":["Oracle IR Parser"],"fullName":"Oracle IR Parser merges Sam's Desperate Rescue's Ring rider into the same ability","status":"passed","title":"merges Sam's Desperate Rescue's Ring rider into the same ability","duration":1.1420000000000528,"failureMessages":[],"meta":{}},{"ancestorTitles":["Oracle IR Parser"],"fullName":"Oracle IR Parser parses inline proliferate keyword followups like Tezzeret's Gambit","status":"passed","title":"parses inline proliferate keyword followups like Tezzeret's Gambit","duration":1.1827999999998156,"failureMessages":[],"meta":{}},{"ancestorTitles":["Oracle IR Parser"],"fullName":"Oracle IR Parser parses bare investigate keyword clauses into executable steps","status":"passed","title":"parses bare investigate keyword clauses into executable steps","duration":0.5847000000001117,"failureMessages":[],"meta":{}},{"ancestorTitles":["Oracle IR Parser"],"fullName":"Oracle IR Parser merges investigate followups into the same ability when split across sentences","status":"passed","title":"merges investigate followups into the same ability when split across sentences","duration":0.8234999999999673,"failureMessages":[],"meta":{}},{"ancestorTitles":["Oracle IR Parser"],"fullName":"Oracle IR Parser parses bare populate keyword clauses into executable steps","status":"passed","title":"parses bare populate keyword clauses into executable steps","duration":0.5652000000000044,"failureMessages":[],"meta":{}},{"ancestorTitles":["Oracle IR Parser"],"fullName":"Oracle IR Parser parses bare goad keyword clauses into executable steps","status":"passed","title":"parses bare goad keyword clauses into executable steps","duration":0.957300000000032,"failureMessages":[],"meta":{}},{"ancestorTitles":["Oracle IR Parser"],"fullName":"Oracle IR Parser parses bare suspect keyword clauses into executable steps","status":"passed","title":"parses bare suspect keyword clauses into executable steps","duration":0.5746000000001459,"failureMessages":[],"meta":{}},{"ancestorTitles":["Oracle IR Parser"],"fullName":"Oracle IR Parser parses detain target permanent into an executable step","status":"passed","title":"parses detain target permanent into an executable step","duration":0.6020000000000891,"failureMessages":[],"meta":{}},{"ancestorTitles":["Oracle IR Parser"],"fullName":"Oracle IR Parser parses bare monstrosity keyword clauses into executable steps","status":"passed","title":"parses bare monstrosity keyword clauses into executable steps","duration":0.5807999999999538,"failureMessages":[],"meta":{}},{"ancestorTitles":["Oracle IR Parser"],"fullName":"Oracle IR Parser parses bare endure keyword clauses into a choose-one modal step","status":"passed","title":"parses bare endure keyword clauses into a choose-one modal step","duration":0.6867999999999483,"failureMessages":[],"meta":{}},{"ancestorTitles":["Oracle IR Parser"],"fullName":"Oracle IR Parser parses exert attack clauses into executable exert steps","status":"passed","title":"parses exert attack clauses into executable exert steps","duration":0.5846000000001368,"failureMessages":[],"meta":{}},{"ancestorTitles":["Oracle IR Parser"],"fullName":"Oracle IR Parser parses standalone open an Attraction keyword lines into executable steps","status":"passed","title":"parses standalone open an Attraction keyword lines into executable steps","duration":0.5104999999998654,"failureMessages":[],"meta":{}},{"ancestorTitles":["Oracle IR Parser"],"fullName":"Oracle IR Parser parses roll to visit your Attractions keyword lines into executable steps","status":"passed","title":"parses roll to visit your Attractions keyword lines into executable steps","duration":0.5482999999999265,"failureMessages":[],"meta":{}},{"ancestorTitles":["Oracle IR Parser"],"fullName":"Oracle IR Parser parses take the initiative keyword lines into executable steps","status":"passed","title":"parses take the initiative keyword lines into executable steps","duration":0.553899999999885,"failureMessages":[],"meta":{}},{"ancestorTitles":["Oracle IR Parser"],"fullName":"Oracle IR Parser parses become the monarch clauses into executable steps","status":"passed","title":"parses become the monarch clauses into executable steps","duration":0.5510000000001583,"failureMessages":[],"meta":{}},{"ancestorTitles":["Oracle IR Parser"],"fullName":"Oracle IR Parser parses venture into the dungeon keyword lines into executable steps","status":"passed","title":"parses venture into the dungeon keyword lines into executable steps","duration":0.5591999999999189,"failureMessages":[],"meta":{}},{"ancestorTitles":["Oracle IR Parser"],"fullName":"Oracle IR Parser parses planeswalk clauses into executable steps","status":"passed","title":"parses planeswalk clauses into executable steps","duration":0.5256999999999152,"failureMessages":[],"meta":{}},{"ancestorTitles":["Oracle IR Parser"],"fullName":"Oracle IR Parser parses assemble contraption clauses into executable steps","status":"passed","title":"parses assemble contraption clauses into executable steps","duration":0.5806999999999789,"failureMessages":[],"meta":{}},{"ancestorTitles":["Oracle IR Parser"],"fullName":"Oracle IR Parser parses regenerate clauses into executable steps","status":"passed","title":"parses regenerate clauses into executable steps","duration":0.5686000000000604,"failureMessages":[],"meta":{}},{"ancestorTitles":["Oracle IR Parser"],"fullName":"Oracle IR Parser merges destroy followups that say the target can't be regenerated","status":"passed","title":"merges destroy followups that say the target can't be regenerated","duration":1.7035000000000764,"failureMessages":[],"meta":{}},{"ancestorTitles":["Oracle IR Parser"],"fullName":"Oracle IR Parser parses abandon this scheme clauses into executable steps","status":"passed","title":"parses abandon this scheme clauses into executable steps","duration":0.577199999999948,"failureMessages":[],"meta":{}},{"ancestorTitles":["Oracle IR Parser"],"fullName":"Oracle IR Parser parses set-that-scheme-in-motion-again clauses into executable steps","status":"passed","title":"parses set-that-scheme-in-motion-again clauses into executable steps","duration":0.5782999999998992,"failureMessages":[],"meta":{}},{"ancestorTitles":["Oracle IR Parser"],"fullName":"Oracle IR Parser parses bare incubate keyword clauses into executable steps","status":"passed","title":"parses bare incubate keyword clauses into executable steps","duration":0.768500000000131,"failureMessages":[],"meta":{}},{"ancestorTitles":["Oracle IR Parser"],"fullName":"Oracle IR Parser parses Amass keyword lines into conditional token creation plus counters","status":"passed","title":"parses Amass keyword lines into conditional token creation plus counters","duration":1.5991999999998825,"failureMessages":[],"meta":{}},{"ancestorTitles":["Oracle IR Parser"],"fullName":"Oracle IR Parser parses Amass Orcs keyword lines into counters plus subtype addition","status":"passed","title":"parses Amass Orcs keyword lines into counters plus subtype addition","duration":2.4583999999999833,"failureMessages":[],"meta":{}},{"ancestorTitles":["Oracle IR Parser"],"fullName":"Oracle IR Parser parses reminder-bearing Amass Orcs lines into counters plus subtype addition","status":"passed","title":"parses reminder-bearing Amass Orcs lines into counters plus subtype addition","duration":2.370300000000043,"failureMessages":[],"meta":{}},{"ancestorTitles":["Oracle IR Parser"],"fullName":"Oracle IR Parser lowers triggered amass orcs reminder lines into the canonical amass steps","status":"passed","title":"lowers triggered amass orcs reminder lines into the canonical amass steps","duration":2.4216999999998734,"failureMessages":[],"meta":{}},{"ancestorTitles":["Oracle IR Parser"],"fullName":"Oracle IR Parser prunes standalone amass subtype reminder shards from variable amass clauses","status":"passed","title":"prunes standalone amass subtype reminder shards from variable amass clauses","duration":2.2805000000000746,"failureMessages":[],"meta":{}},{"ancestorTitles":["Oracle IR Parser"],"fullName":"Oracle IR Parser parses Explore keyword lines into an executable explore step","status":"passed","title":"parses Explore keyword lines into an executable explore step","duration":0.7580000000000382,"failureMessages":[],"meta":{}},{"ancestorTitles":["Oracle IR Parser"],"fullName":"Oracle IR Parser parses subject-form explore clauses and prunes the printed reminder text","status":"passed","title":"parses subject-form explore clauses and prunes the printed reminder text","duration":3.1177000000000135,"failureMessages":[],"meta":{}},{"ancestorTitles":["Oracle IR Parser"],"fullName":"Oracle IR Parser parses repeated explore clauses and prunes the reminder repeat tail","status":"passed","title":"parses repeated explore clauses and prunes the reminder repeat tail","duration":4.007200000000012,"failureMessages":[],"meta":{}},{"ancestorTitles":["Oracle IR Parser"],"fullName":"Oracle IR Parser parses Manifest keyword lines into a face-down battlefield move","status":"passed","title":"parses Manifest keyword lines into a face-down battlefield move","duration":0.7264000000000124,"failureMessages":[],"meta":{}},{"ancestorTitles":["Oracle IR Parser"],"fullName":"Oracle IR Parser parses Manifest keyword lines into a face-down battlefield move from that player's library","status":"passed","title":"parses Manifest keyword lines into a face-down battlefield move from that player's library","duration":0.6384000000000469,"failureMessages":[],"meta":{}},{"ancestorTitles":["Oracle IR Parser"],"fullName":"Oracle IR Parser parses Learn keyword lines into an executable learn step","status":"passed","title":"parses Learn keyword lines into an executable learn step","duration":0.5632000000000517,"failureMessages":[],"meta":{}},{"ancestorTitles":["Oracle IR Parser"],"fullName":"Oracle IR Parser parses villainous choice text into a choose-one modal step","status":"passed","title":"parses villainous choice text into a choose-one modal step","duration":0.7067999999999302,"failureMessages":[],"meta":{}},{"ancestorTitles":["Oracle IR Parser"],"fullName":"Oracle IR Parser parses Manifest dread keyword lines into an executable manifest-dread step","status":"passed","title":"parses Manifest dread keyword lines into an executable manifest-dread step","duration":0.6141999999999825,"failureMessages":[],"meta":{}},{"ancestorTitles":["Oracle IR Parser"],"fullName":"Oracle IR Parser parses Cloak-the-top-card keyword lines into an executable face-down move step","status":"passed","title":"parses Cloak-the-top-card keyword lines into an executable face-down move step","duration":0.6537999999998192,"failureMessages":[],"meta":{}},{"ancestorTitles":["Oracle IR Parser"],"fullName":"Oracle IR Parser parses Cloak-the-top-card keyword lines into an executable face-down move step from that player's library","status":"passed","title":"parses Cloak-the-top-card keyword lines into an executable face-down move step from that player's library","duration":0.6885999999999513,"failureMessages":[],"meta":{}},{"ancestorTitles":["Oracle IR Parser"],"fullName":"Oracle IR Parser prunes manifest reminder-only pseudo-steps from full reminder text","status":"passed","title":"prunes manifest reminder-only pseudo-steps from full reminder text","duration":0.9908000000000357,"failureMessages":[],"meta":{}},{"ancestorTitles":["Oracle IR Parser"],"fullName":"Oracle IR Parser prunes short manifest face-up reminder tails when the manifest move is already parsed","status":"passed","title":"prunes short manifest face-up reminder tails when the manifest move is already parsed","duration":0.7722000000001117,"failureMessages":[],"meta":{}},{"ancestorTitles":["Oracle IR Parser"],"fullName":"Oracle IR Parser prunes cloak reminder-only pseudo-steps from full reminder text","status":"passed","title":"prunes cloak reminder-only pseudo-steps from full reminder text","duration":0.9024999999999181,"failureMessages":[],"meta":{}},{"ancestorTitles":["Oracle IR Parser"],"fullName":"Oracle IR Parser prunes manifest dread reminder-only pseudo-steps from full reminder text","status":"passed","title":"prunes manifest dread reminder-only pseudo-steps from full reminder text","duration":0.9072999999998501,"failureMessages":[],"meta":{}},{"ancestorTitles":["Oracle IR Parser"],"fullName":"Oracle IR Parser prunes triggered manifest dread reminder tails from inline full reminder text","status":"passed","title":"prunes triggered manifest dread reminder tails from inline full reminder text","duration":2.578499999999849,"failureMessages":[],"meta":{}},{"ancestorTitles":["Oracle IR Parser"],"fullName":"Oracle IR Parser prunes cipher reminder-only abilities while keeping the cipher keyword","status":"passed","title":"prunes cipher reminder-only abilities while keeping the cipher keyword","duration":1.617200000000139,"failureMessages":[],"meta":{}},{"ancestorTitles":["Oracle IR Parser"],"fullName":"Oracle IR Parser parses partner-with reminder text into a non-executable static ability without reminder steps","status":"passed","title":"parses partner-with reminder text into a non-executable static ability without reminder steps","duration":0.5412999999998647,"failureMessages":[],"meta":{}},{"ancestorTitles":["Oracle IR Parser"],"fullName":"Oracle IR Parser parses top-of-library visibility text into a non-executable static ability without reminder steps","status":"passed","title":"parses top-of-library visibility text into a non-executable static ability without reminder steps","duration":0.4395999999999276,"failureMessages":[],"meta":{}},{"ancestorTitles":["Oracle IR Parser"],"fullName":"Oracle IR Parser prunes split Map-token reminder steps from create-token abilities","status":"passed","title":"prunes split Map-token reminder steps from create-token abilities","duration":1.787900000000036,"failureMessages":[],"meta":{}},{"ancestorTitles":["Oracle IR Parser"],"fullName":"Oracle IR Parser prunes no-maximum-hand-size static text as externally handled","status":"passed","title":"prunes no-maximum-hand-size static text as externally handled","duration":0.7624000000000706,"failureMessages":[],"meta":{}},{"ancestorTitles":["Oracle IR Parser"],"fullName":"Oracle IR Parser prunes additional-land-play static text as externally handled","status":"passed","title":"prunes additional-land-play static text as externally handled","duration":0.7702999999999065,"failureMessages":[],"meta":{}},{"ancestorTitles":["Oracle IR Parser"],"fullName":"Oracle IR Parser prunes global creature stat static text as externally handled","status":"passed","title":"prunes global creature stat static text as externally handled","duration":0.731899999999996,"failureMessages":[],"meta":{}},{"ancestorTitles":["Oracle IR Parser"],"fullName":"Oracle IR Parser prunes global creature keyword static text as externally handled","status":"passed","title":"prunes global creature keyword static text as externally handled","duration":0.718900000000076,"failureMessages":[],"meta":{}},{"ancestorTitles":["Oracle IR Parser"],"fullName":"Oracle IR Parser prunes opening-hand static text as externally handled","status":"passed","title":"prunes opening-hand static text as externally handled","duration":1.993099999999913,"failureMessages":[],"meta":{}},{"ancestorTitles":["Oracle IR Parser"],"fullName":"Oracle IR Parser prunes extort reminder abilities while retaining the keyword","status":"passed","title":"prunes extort reminder abilities while retaining the keyword","duration":1.7836999999999534,"failureMessages":[],"meta":{}},{"ancestorTitles":["Oracle IR Parser"],"fullName":"Oracle IR Parser prunes squad reminder abilities while retaining the keyword","status":"passed","title":"prunes squad reminder abilities while retaining the keyword","duration":1.6928000000000338,"failureMessages":[],"meta":{}},{"ancestorTitles":["Oracle IR Parser"],"fullName":"Oracle IR Parser prunes umbra armor reminder abilities while retaining the keyword","status":"passed","title":"prunes umbra armor reminder abilities while retaining the keyword","duration":0.9743000000000848,"failureMessages":[],"meta":{}},{"ancestorTitles":["Oracle IR Parser"],"fullName":"Oracle IR Parser prunes unleash reminder abilities while retaining the keyword","status":"passed","title":"prunes unleash reminder abilities while retaining the keyword","duration":1.3659999999999854,"failureMessages":[],"meta":{}},{"ancestorTitles":["Oracle IR Parser"],"fullName":"Oracle IR Parser prunes phasing reminder tails while keeping the phase-out clause","status":"passed","title":"prunes phasing reminder tails while keeping the phase-out clause","duration":1.994799999999941,"failureMessages":[],"meta":{}},{"ancestorTitles":["Oracle IR Parser"],"fullName":"Oracle IR Parser prunes hideaway reminder abilities while retaining the keyword","status":"passed","title":"prunes hideaway reminder abilities while retaining the keyword","duration":2.038400000000138,"failureMessages":[],"meta":{}},{"ancestorTitles":["Oracle IR Parser"],"fullName":"Oracle IR Parser prunes Junk-token reminder permission tails after token creation","status":"passed","title":"prunes Junk-token reminder permission tails after token creation","duration":2.338599999999815,"failureMessages":[],"meta":{}},{"ancestorTitles":["Oracle IR Parser"],"fullName":"Oracle IR Parser parses start-your-engines reminder text into a non-executable static ability without reminder steps","status":"passed","title":"parses start-your-engines reminder text into a non-executable static ability without reminder steps","duration":0.6231999999999971,"failureMessages":[],"meta":{}},{"ancestorTitles":["Oracle IR Parser"],"fullName":"Oracle IR Parser parses max-speed lines into non-executable static abilities without reminder steps","status":"passed","title":"parses max-speed lines into non-executable static abilities without reminder steps","duration":0.4601999999999862,"failureMessages":[],"meta":{}},{"ancestorTitles":["Oracle IR Parser"],"fullName":"Oracle IR Parser parses Forage keyword lines into a choose-mode step","status":"passed","title":"parses Forage keyword lines into a choose-mode step","duration":0.679700000000139,"failureMessages":[],"meta":{}},{"ancestorTitles":["Oracle IR Parser"],"fullName":"Oracle IR Parser parses clash follow-up text into clash plus if-you-win conditional steps","status":"passed","title":"parses clash follow-up text into clash plus if-you-win conditional steps","duration":1.2676000000001295,"failureMessages":[],"meta":{}},{"ancestorTitles":["Oracle IR Parser"],"fullName":"Oracle IR Parser parses Connive keyword lines into draw-discard-plus-counter steps","status":"passed","title":"parses Connive keyword lines into draw-discard-plus-counter steps","duration":0.6697999999998956,"failureMessages":[],"meta":{}},{"ancestorTitles":["Oracle IR Parser"],"fullName":"Oracle IR Parser parses Discover keyword lines into impulse exile plus free-cast permission","status":"passed","title":"parses Discover keyword lines into impulse exile plus free-cast permission","duration":0.7462000000000444,"failureMessages":[],"meta":{}},{"ancestorTitles":["Oracle IR Parser"],"fullName":"Oracle IR Parser parses triggered Discover text into the same lowered discover steps","status":"passed","title":"parses triggered Discover text into the same lowered discover steps","duration":0.6173000000001139,"failureMessages":[],"meta":{}},{"ancestorTitles":["Oracle IR Parser"],"fullName":"Oracle IR Parser parses full Discover reminder lines into the same lowered discover steps","status":"passed","title":"parses full Discover reminder lines into the same lowered discover steps","duration":1.7076999999999316,"failureMessages":[],"meta":{}},{"ancestorTitles":["Oracle IR Parser"],"fullName":"Oracle IR Parser prunes discover reminder tails from lowered discover abilities","status":"passed","title":"prunes discover reminder tails from lowered discover abilities","duration":2.8298999999999523,"failureMessages":[],"meta":{}},{"ancestorTitles":["Oracle IR Parser"],"fullName":"Oracle IR Parser prunes discover reminder tails while keeping dynamic discover leads visible","status":"passed","title":"prunes discover reminder tails while keeping dynamic discover leads visible","duration":2.2732999999998356,"failureMessages":[],"meta":{}},{"ancestorTitles":["Oracle IR Parser"],"fullName":"Oracle IR Parser parses standalone triggered d20 rolls into roll_die steps","status":"passed","title":"parses standalone triggered d20 rolls into roll_die steps","duration":0.5780999999999494,"failureMessages":[],"meta":{}},{"ancestorTitles":["Oracle IR Parser"],"fullName":"Oracle IR Parser parses counter-doubling text into a double_counters step","status":"passed","title":"parses counter-doubling text into a double_counters step","duration":0.6052999999999429,"failureMessages":[],"meta":{}},{"ancestorTitles":["Oracle IR Parser"],"fullName":"Oracle IR Parser parses specific-counter doubling text into a constrained double_counters step","status":"passed","title":"parses specific-counter doubling text into a constrained double_counters step","duration":0.5759000000000469,"failureMessages":[],"meta":{}},{"ancestorTitles":["Oracle IR Parser"],"fullName":"Oracle IR Parser parses Support keyword lines into add_counter steps for other target creatures","status":"passed","title":"parses Support keyword lines into add_counter steps for other target creatures","duration":0.5782000000001517,"failureMessages":[],"meta":{}},{"ancestorTitles":["Oracle IR Parser"],"fullName":"Oracle IR Parser parses Bolster keyword lines into add_counter steps for the least-toughness creature you control","status":"passed","title":"parses Bolster keyword lines into add_counter steps for the least-toughness creature you control","duration":0.5338999999999032,"failureMessages":[],"meta":{}},{"ancestorTitles":["Oracle IR Parser"],"fullName":"Oracle IR Parser parses Proliferate keyword lines into proliferate steps","status":"passed","title":"parses Proliferate keyword lines into proliferate steps","duration":0.89449999999988,"failureMessages":[],"meta":{}},{"ancestorTitles":["Oracle IR Parser"],"fullName":"Oracle IR Parser parses Investigate keyword lines into investigate steps","status":"passed","title":"parses Investigate keyword lines into investigate steps","duration":0.5568000000000666,"failureMessages":[],"meta":{}},{"ancestorTitles":["Oracle IR Parser"],"fullName":"Oracle IR Parser parses Populate keyword lines into populate steps","status":"passed","title":"parses Populate keyword lines into populate steps","duration":0.5643999999999778,"failureMessages":[],"meta":{}},{"ancestorTitles":["Oracle IR Parser"],"fullName":"Oracle IR Parser parses Scry keyword lines into scry steps","status":"passed","title":"parses Scry keyword lines into scry steps","duration":0.6382000000000971,"failureMessages":[],"meta":{}},{"ancestorTitles":["Oracle IR Parser"],"fullName":"Oracle IR Parser parses Surveil keyword lines into surveil steps","status":"passed","title":"parses Surveil keyword lines into surveil steps","duration":0.5622999999998228,"failureMessages":[],"meta":{}},{"ancestorTitles":["Oracle IR Parser"],"fullName":"Oracle IR Parser parses Fateseal keyword lines into fateseal steps","status":"passed","title":"parses Fateseal keyword lines into fateseal steps","duration":0.544800000000123,"failureMessages":[],"meta":{}},{"ancestorTitles":["Oracle IR Parser"],"fullName":"Oracle IR Parser parses Time travel keyword lines into time-travel steps","status":"passed","title":"parses Time travel keyword lines into time-travel steps","duration":0.5814000000000306,"failureMessages":[],"meta":{}},{"ancestorTitles":["Oracle IR Parser"],"fullName":"Oracle IR Parser parses repeated Time travel keyword lines into time-travel steps","status":"passed","title":"parses repeated Time travel keyword lines into time-travel steps","duration":0.575800000000072,"failureMessages":[],"meta":{}},{"ancestorTitles":["Oracle IR Parser"],"fullName":"Oracle IR Parser parses suspend upkeep counter removal into a structured remove-counter step","status":"passed","title":"parses suspend upkeep counter removal into a structured remove-counter step","duration":1.2445999999999913,"failureMessages":[],"meta":{}},{"ancestorTitles":["Oracle IR Parser"],"fullName":"Oracle IR Parser parses Collect evidence keyword lines into collect-evidence steps","status":"passed","title":"parses Collect evidence keyword lines into collect-evidence steps","duration":0.7275999999999385,"failureMessages":[],"meta":{}},{"ancestorTitles":["Oracle IR Parser"],"fullName":"Oracle IR Parser parses collect evidence follow-up conditionals into a collect step and wrapper","status":"passed","title":"parses collect evidence follow-up conditionals into a collect step and wrapper","duration":1.1865999999999985,"failureMessages":[],"meta":{}},{"ancestorTitles":["Oracle IR Parser"],"fullName":"Oracle IR Parser parses Mill keyword lines into mill steps","status":"passed","title":"parses Mill keyword lines into mill steps","duration":0.5610999999998967,"failureMessages":[],"meta":{}},{"ancestorTitles":["Oracle IR Parser"],"fullName":"Oracle IR Parser parses The Ring tempts you keyword lines into ring_tempts_you steps","status":"passed","title":"parses The Ring tempts you keyword lines into ring_tempts_you steps","duration":0.6393000000000484,"failureMessages":[],"meta":{}},{"ancestorTitles":["Oracle IR Parser"],"fullName":"Oracle IR Parser expands simple conditional token followups like Fungal Rebirth","status":"passed","title":"expands simple conditional token followups like Fungal Rebirth","duration":1.4230000000000018,"failureMessages":[],"meta":{}},{"ancestorTitles":["Oracle IR Parser"],"fullName":"Oracle IR Parser expands simple \"If you do\" followups after discard like Toph, Hardheaded Teacher","status":"passed","title":"expands simple \"If you do\" followups after discard like Toph, Hardheaded Teacher","duration":1.3752000000001772,"failureMessages":[],"meta":{}},{"ancestorTitles":["Oracle IR Parser"],"fullName":"Oracle IR Parser parses saga chapter move-zone clauses after stripping roman numeral prefixes","status":"passed","title":"parses saga chapter move-zone clauses after stripping roman numeral prefixes","duration":0.7727999999999611,"failureMessages":[],"meta":{}},{"ancestorTitles":["Oracle IR Parser"],"fullName":"Oracle IR Parser parses saga chapter land recursion clauses after stripping roman numeral prefixes","status":"passed","title":"parses saga chapter land recursion clauses after stripping roman numeral prefixes","duration":0.7020999999999731,"failureMessages":[],"meta":{}},{"ancestorTitles":["Oracle IR Parser"],"fullName":"Oracle IR Parser parses exile_top for 'each player puts the top two cards of their library into exile'","status":"passed","title":"parses exile_top for 'each player puts the top two cards of their library into exile'","duration":0.4936000000000149,"failureMessages":[],"meta":{}},{"ancestorTitles":["Oracle IR Parser"],"fullName":"Oracle IR Parser parses exile_top for 'defending player exiles the top card of their library'","status":"passed","title":"parses exile_top for 'defending player exiles the top card of their library'","duration":0.4361999999998716,"failureMessages":[],"meta":{}},{"ancestorTitles":["Oracle IR Parser"],"fullName":"Oracle IR Parser upgrades exile_top into impulse for 'that player's library'","status":"passed","title":"upgrades exile_top into impulse for 'that player's library'","duration":1.9274000000000342,"failureMessages":[],"meta":{}},{"ancestorTitles":["Oracle IR Parser"],"fullName":"Oracle IR Parser parses each-player impulse with players-may permission rider (corpus)","status":"passed","title":"parses each-player impulse with players-may permission rider (corpus)","duration":1.295799999999872,"failureMessages":[],"meta":{}},{"ancestorTitles":["Oracle IR Parser"],"fullName":"Oracle IR Parser upgrades exile-top into impulse for 'Until your next turn, you may play those cards' (corpus: Three Wishes)","status":"passed","title":"upgrades exile-top into impulse for 'Until your next turn, you may play those cards' (corpus: Three Wishes)","duration":1.583699999999908,"failureMessages":[],"meta":{}},{"ancestorTitles":["Oracle IR Parser"],"fullName":"Oracle IR Parser upgrades exile_top into impulse when 'Choose one' intervenes (corpus)","status":"passed","title":"upgrades exile_top into impulse when 'Choose one' intervenes (corpus)","duration":1.2644999999999982,"failureMessages":[],"meta":{}},{"ancestorTitles":["Oracle IR Parser"],"fullName":"Oracle IR Parser parses Ragavan-style 'create a Treasure token and exile the top card' into create_token + impulse","status":"passed","title":"parses Ragavan-style 'create a Treasure token and exile the top card' into create_token + impulse","duration":1.3446999999998752,"failureMessages":[],"meta":{}},{"ancestorTitles":["Oracle IR Parser"],"fullName":"Oracle IR Parser parses comma-separated multi-token creation lists","status":"passed","title":"parses comma-separated multi-token creation lists","duration":0.6144000000001597,"failureMessages":[],"meta":{}},{"ancestorTitles":["Oracle IR Parser"],"fullName":"Oracle IR Parser preserves who selector for comma-separated multi-token create clauses","status":"passed","title":"preserves who selector for comma-separated multi-token create clauses","duration":0.5970999999999549,"failureMessages":[],"meta":{}},{"ancestorTitles":["Oracle IR Parser"],"fullName":"Oracle IR Parser parses create-token enters-tapped modifier","status":"passed","title":"parses create-token enters-tapped modifier","duration":0.5851000000000113,"failureMessages":[],"meta":{}},{"ancestorTitles":["Oracle IR Parser"],"fullName":"Oracle IR Parser parses create-token enters-tapped when \"tapped\" appears after token","status":"passed","title":"parses create-token enters-tapped when \"tapped\" appears after token","duration":0.5780000000002019,"failureMessages":[],"meta":{}},{"ancestorTitles":["Oracle IR Parser"],"fullName":"Oracle IR Parser parses per-segment enters-tapped in multi-token clauses","status":"passed","title":"parses per-segment enters-tapped in multi-token clauses","duration":0.6604999999999563,"failureMessages":[],"meta":{}},{"ancestorTitles":["Oracle IR Parser"],"fullName":"Oracle IR Parser parses create-token with-counters modifier","status":"passed","title":"parses create-token with-counters modifier","duration":0.6923000000001593,"failureMessages":[],"meta":{}},{"ancestorTitles":["Oracle IR Parser"],"fullName":"Oracle IR Parser parses create-token with \"an additional\" counter wording","status":"passed","title":"parses create-token with \"an additional\" counter wording","duration":0.8197999999999865,"failureMessages":[],"meta":{}},{"ancestorTitles":["Oracle IR Parser"],"fullName":"Oracle IR Parser applies follow-up \"enters tapped\" clauses to the previous create-token step","status":"passed","title":"applies follow-up \"enters tapped\" clauses to the previous create-token step","duration":1.432399999999916,"failureMessages":[],"meta":{}},{"ancestorTitles":["Oracle IR Parser"],"fullName":"Oracle IR Parser applies follow-up \"those tokens enter tapped\" to multi-token creation","status":"passed","title":"applies follow-up \"those tokens enter tapped\" to multi-token creation","duration":1.1476999999999862,"failureMessages":[],"meta":{}},{"ancestorTitles":["Oracle IR Parser"],"fullName":"Oracle IR Parser applies follow-up \"they enter tapped\" (Bloomburrow-style) to the previous create-token step(s)","status":"passed","title":"applies follow-up \"they enter tapped\" (Bloomburrow-style) to the previous create-token step(s)","duration":1.2691999999999553,"failureMessages":[],"meta":{}},{"ancestorTitles":["Oracle IR Parser"],"fullName":"Oracle IR Parser applies follow-up \"they enter tapped\" to multi-token creation","status":"passed","title":"applies follow-up \"they enter tapped\" to multi-token creation","duration":0.991399999999885,"failureMessages":[],"meta":{}},{"ancestorTitles":["Oracle IR Parser"],"fullName":"Oracle IR Parser applies follow-up plural \"they enter with counters\" wording","status":"passed","title":"applies follow-up plural \"they enter with counters\" wording","duration":1.0441000000000713,"failureMessages":[],"meta":{}},{"ancestorTitles":["Oracle IR Parser"],"fullName":"Oracle IR Parser supports combined plural follow-up modifiers (tapped and with counters)","status":"passed","title":"supports combined plural follow-up modifiers (tapped and with counters)","duration":0.9298999999998614,"failureMessages":[],"meta":{}},{"ancestorTitles":["Oracle IR Parser"],"fullName":"Oracle IR Parser supports semicolon + lowercase follow-up wording (they enter tapped)","status":"passed","title":"supports semicolon + lowercase follow-up wording (they enter tapped)","duration":0.8106999999999971,"failureMessages":[],"meta":{}},{"ancestorTitles":["Oracle IR Parser"],"fullName":"Oracle IR Parser supports plural follow-up with singular counter wording (a shield counter)","status":"passed","title":"supports plural follow-up with singular counter wording (a shield counter)","duration":0.8855999999998403,"failureMessages":[],"meta":{}},{"ancestorTitles":["Oracle IR Parser"],"fullName":"Oracle IR Parser applies follow-up \"enters with counters\" clauses to the previous create-token step","status":"passed","title":"applies follow-up \"enters with counters\" clauses to the previous create-token step","duration":0.8756000000000768,"failureMessages":[],"meta":{}},{"ancestorTitles":["Oracle IR Parser"],"fullName":"Oracle IR Parser applies follow-up \"enters with an additional\" counter wording","status":"passed","title":"applies follow-up \"enters with an additional\" counter wording","duration":0.884900000000016,"failureMessages":[],"meta":{}},{"ancestorTitles":["Oracle IR Parser"],"fullName":"Oracle IR Parser supports follow-up \"enter the battlefield\" phrasing for tapped + counters","status":"passed","title":"supports follow-up \"enter the battlefield\" phrasing for tapped + counters","duration":0.9034999999998945,"failureMessages":[],"meta":{}},{"ancestorTitles":["Oracle IR Parser"],"fullName":"Oracle IR Parser supports follow-up counters then tapped order","status":"passed","title":"supports follow-up counters then tapped order","duration":0.8657000000000608,"failureMessages":[],"meta":{}},{"ancestorTitles":["Oracle IR Parser"],"fullName":"Oracle IR Parser parses standalone delayed next-end-step sacrifice cleanup","status":"passed","title":"parses standalone delayed next-end-step sacrifice cleanup","duration":1.123600000000124,"failureMessages":[],"meta":{}},{"ancestorTitles":["Oracle IR Parser"],"fullName":"Oracle IR Parser parses trailing delayed next-end-step sacrifice cleanup","status":"passed","title":"parses trailing delayed next-end-step sacrifice cleanup","duration":0.9960000000000946,"failureMessages":[],"meta":{}},{"ancestorTitles":["Oracle IR Parser"],"fullName":"Oracle IR Parser parses trailing delayed your-next-end-step sacrifice cleanup","status":"passed","title":"parses trailing delayed your-next-end-step sacrifice cleanup","duration":0.5629999999998745,"failureMessages":[],"meta":{}},{"ancestorTitles":["Oracle IR Parser"],"fullName":"Oracle IR Parser parses standalone delayed end-of-combat exile cleanup","status":"passed","title":"parses standalone delayed end-of-combat exile cleanup","duration":0.9488000000001193,"failureMessages":[],"meta":{}},{"ancestorTitles":["Oracle IR Parser"],"fullName":"Oracle IR Parser parses trailing delayed next-cleanup-step sacrifice cleanup","status":"passed","title":"parses trailing delayed next-cleanup-step sacrifice cleanup","duration":0.55600000000004,"failureMessages":[],"meta":{}},{"ancestorTitles":["Oracle IR Parser"],"fullName":"Oracle IR Parser parses trailing delayed your-next-upkeep sacrifice cleanup for contextual tokens","status":"passed","title":"parses trailing delayed your-next-upkeep sacrifice cleanup for contextual tokens","duration":0.5351000000000568,"failureMessages":[],"meta":{}},{"ancestorTitles":["Oracle IR Parser"],"fullName":"Oracle IR Parser parses trailing delayed next-upkeep return triggers as scheduled deterministic effects","status":"passed","title":"parses trailing delayed next-upkeep return triggers as scheduled deterministic effects","duration":0.6497999999999138,"failureMessages":[],"meta":{}},{"ancestorTitles":["Oracle IR Parser"],"fullName":"Oracle IR Parser parses trailing delayed next-end-step hand return triggers as scheduled deterministic effects","status":"passed","title":"parses trailing delayed next-end-step hand return triggers as scheduled deterministic effects","duration":0.5843999999999596,"failureMessages":[],"meta":{}},{"ancestorTitles":["Oracle IR Parser"],"fullName":"Oracle IR Parser parses trailing delayed sacrifice cleanup with a mana value condition","status":"passed","title":"parses trailing delayed sacrifice cleanup with a mana value condition","duration":0.7877999999998337,"failureMessages":[],"meta":{}},{"ancestorTitles":["Oracle IR Parser"],"fullName":"Oracle IR Parser parses immediate sacrifice with a zero-counter condition","status":"passed","title":"parses immediate sacrifice with a zero-counter condition","duration":0.9242999999999029,"failureMessages":[],"meta":{}},{"ancestorTitles":["Oracle IR Parser"],"fullName":"Oracle IR Parser parses immediate sacrifice with a counter-threshold condition","status":"passed","title":"parses immediate sacrifice with a counter-threshold condition","duration":0.7670000000000528,"failureMessages":[],"meta":{}},{"ancestorTitles":["Oracle IR Parser"],"fullName":"Oracle IR Parser parses trailing leave-the-battlefield delayed sacrifice cleanup","status":"passed","title":"parses trailing leave-the-battlefield delayed sacrifice cleanup","duration":0.6027999999998883,"failureMessages":[],"meta":{}},{"ancestorTitles":["Oracle IR Parser"],"fullName":"Oracle IR Parser parses trailing lose-control delayed sacrifice cleanup for itself","status":"passed","title":"parses trailing lose-control delayed sacrifice cleanup for itself","duration":0.598299999999881,"failureMessages":[],"meta":{}},{"ancestorTitles":["Oracle IR Parser"],"fullName":"Oracle IR Parser parses trailing lose-control delayed sacrifice cleanup for a bound creature","status":"passed","title":"parses trailing lose-control delayed sacrifice cleanup for a bound creature","duration":0.592200000000048,"failureMessages":[],"meta":{}},{"ancestorTitles":["Oracle IR Parser"],"fullName":"Oracle IR Parser parses exile and return/move zone clauses","status":"passed","title":"parses exile and return/move zone clauses","duration":1.0764999999998963,"failureMessages":[],"meta":{}},{"ancestorTitles":["Oracle IR Parser"],"fullName":"Oracle IR Parser parses Headstone as exile plus a delayed next-upkeep draw trigger","status":"passed","title":"parses Headstone as exile plus a delayed next-upkeep draw trigger","duration":1.1079000000001997,"failureMessages":[],"meta":{}},{"ancestorTitles":["Oracle IR Parser"],"fullName":"Oracle IR Parser parses battlefield move-zone counters for corpus reanimation wording","status":"passed","title":"parses battlefield move-zone counters for corpus reanimation wording","duration":0.8063999999999396,"failureMessages":[],"meta":{}},{"ancestorTitles":["Oracle IR Parser"],"fullName":"Oracle IR Parser merges Spell mastery reanimation counter riders onto the prior battlefield move-zone step","status":"passed","title":"merges Spell mastery reanimation counter riders onto the prior battlefield move-zone step","duration":1.5247999999999138,"failureMessages":[],"meta":{}},{"ancestorTitles":["Oracle IR Parser"],"fullName":"Oracle IR Parser merges Valkyrie's Call return-time type rewrite onto the battlefield move-zone step","status":"passed","title":"merges Valkyrie's Call return-time type rewrite onto the battlefield move-zone step","duration":1.560799999999972,"failureMessages":[],"meta":{}},{"ancestorTitles":["Oracle IR Parser"],"fullName":"Oracle IR Parser merges Bronzehide Lion return-time Aura rewrite onto the battlefield move-zone step","status":"passed","title":"merges Bronzehide Lion return-time Aura rewrite onto the battlefield move-zone step","duration":2.0453999999999724,"failureMessages":[],"meta":{}},{"ancestorTitles":["Oracle IR Parser"],"fullName":"Oracle IR Parser merges delayed return characteristic rewrites into the delayed effect text","status":"passed","title":"merges delayed return characteristic rewrites into the delayed effect text","duration":2.4663000000000466,"failureMessages":[],"meta":{}},{"ancestorTitles":["Oracle IR Parser"],"fullName":"Oracle IR Parser parses Sequence Engine as exile plus moved-card X token creation and plural counter follow-up","status":"passed","title":"parses Sequence Engine as exile plus moved-card X token creation and plural counter follow-up","duration":1.5669000000000324,"failureMessages":[],"meta":{}},{"ancestorTitles":["Oracle IR Parser"],"fullName":"Oracle IR Parser parses Abyssal Harvester with the graveyard this-turn qualifier intact","status":"passed","title":"parses Abyssal Harvester with the graveyard this-turn qualifier intact","duration":0.7047999999999774,"failureMessages":[],"meta":{}},{"ancestorTitles":["Oracle IR Parser"],"fullName":"Oracle IR Parser parses Urborg Scavengers as trigger exile plus counter with linked-exile static follow-ups","status":"passed","title":"parses Urborg Scavengers as trigger exile plus counter with linked-exile static follow-ups","duration":2.0914999999999964,"failureMessages":[],"meta":{}},{"ancestorTitles":["Oracle IR Parser"],"fullName":"Oracle IR Parser merges Lim-Dul the Necromancer's conditional Zombie rewrite onto the returned creature","status":"passed","title":"merges Lim-Dul the Necromancer's conditional Zombie rewrite onto the returned creature","duration":1.8971000000001368,"failureMessages":[],"meta":{}},{"ancestorTitles":["Oracle IR Parser"],"fullName":"Oracle IR Parser parses mill clauses into IR steps","status":"passed","title":"parses mill clauses into IR steps","duration":0.580600000000004,"failureMessages":[],"meta":{}},{"ancestorTitles":["Oracle IR Parser"],"fullName":"Oracle IR Parser parses Trepanation Blade reveal-until-land clause into mill unknown amount","status":"passed","title":"parses Trepanation Blade reveal-until-land clause into mill unknown amount","duration":1.6406999999999243,"failureMessages":[],"meta":{}},{"ancestorTitles":["Oracle IR Parser"],"fullName":"Oracle IR Parser parses Giant Growth style target creature gets +3/+3 until end of turn into composable modify_pt","status":"passed","title":"parses Giant Growth style target creature gets +3/+3 until end of turn into composable modify_pt","duration":0.6830999999999676,"failureMessages":[],"meta":{}},{"ancestorTitles":["Oracle IR Parser"],"fullName":"Oracle IR Parser parses controller-qualified target creature text for composable modify_pt","status":"passed","title":"parses controller-qualified target creature text for composable modify_pt","duration":0.7014999999998963,"failureMessages":[],"meta":{}},{"ancestorTitles":["Oracle IR Parser"],"fullName":"Oracle IR Parser parses opponent-qualified target creature text for composable modify_pt","status":"passed","title":"parses opponent-qualified target creature text for composable modify_pt","duration":0.6523000000001957,"failureMessages":[],"meta":{}},{"ancestorTitles":["Oracle IR Parser"],"fullName":"Oracle IR Parser parses singular-opponent target creature text for composable modify_pt","status":"passed","title":"parses singular-opponent target creature text for composable modify_pt","duration":0.6345000000001164,"failureMessages":[],"meta":{}},{"ancestorTitles":["Oracle IR Parser"],"fullName":"Oracle IR Parser parses unsupported for-each tails into unknown modify_pt scaler for future automation","status":"passed","title":"parses unsupported for-each tails into unknown modify_pt scaler for future automation","duration":0.6544999999998709,"failureMessages":[],"meta":{}},{"ancestorTitles":["Oracle IR Parser"],"fullName":"Oracle IR Parser parses leading if clause into a conditional modify_pt wrapper","status":"passed","title":"parses leading if clause into a conditional modify_pt wrapper","duration":0.634900000000016,"failureMessages":[],"meta":{}},{"ancestorTitles":["Oracle IR Parser"],"fullName":"Oracle IR Parser parses trailing as long as clause into modify_pt condition metadata","status":"passed","title":"parses trailing as long as clause into modify_pt condition metadata","duration":0.6590000000001055,"failureMessages":[],"meta":{}},{"ancestorTitles":["Oracle IR Parser"],"fullName":"Oracle IR Parser parses trailing where clause into modify_pt condition metadata","status":"passed","title":"parses trailing where clause into modify_pt condition metadata","duration":0.5865000000001146,"failureMessages":[],"meta":{}},{"ancestorTitles":["Oracle IR Parser"],"fullName":"Oracle IR Parser parses X-based modify_pt components with where-clause definition","status":"passed","title":"parses X-based modify_pt components with where-clause definition","duration":0.672800000000052,"failureMessages":[],"meta":{}},{"ancestorTitles":["Oracle IR Parser"],"fullName":"Oracle IR Parser parses Undercity Informer activated reveal-until-land clause into mill unknown amount","status":"passed","title":"parses Undercity Informer activated reveal-until-land clause into mill unknown amount","duration":1.156900000000178,"failureMessages":[],"meta":{}},{"ancestorTitles":["Oracle IR Parser"],"fullName":"Oracle IR Parser parses scry and surveil clauses into IR steps","status":"passed","title":"parses scry and surveil clauses into IR steps","duration":1.043100000000095,"failureMessages":[],"meta":{}},{"ancestorTitles":["Oracle IR Parser"],"fullName":"Oracle IR Parser parses vote clauses into a vote step with parsed choices","status":"passed","title":"parses vote clauses into a vote step with parsed choices","duration":0.712500000000091,"failureMessages":[],"meta":{}},{"ancestorTitles":["Oracle IR Parser"],"fullName":"Oracle IR Parser parses per-choice vote payoffs into scaled executable steps","status":"passed","title":"parses per-choice vote payoffs into scaled executable steps","duration":1.702199999999948,"failureMessages":[],"meta":{}},{"ancestorTitles":["Oracle IR Parser"],"fullName":"Oracle IR Parser parses numeric per-choice vote scaling for counters and life","status":"passed","title":"parses numeric per-choice vote scaling for counters and life","duration":1.5764999999998963,"failureMessages":[],"meta":{}},{"ancestorTitles":["Oracle IR Parser"],"fullName":"Oracle IR Parser parses deterministic add mana clauses into IR steps","status":"passed","title":"parses deterministic add mana clauses into IR steps","duration":0.807700000000068,"failureMessages":[],"meta":{}},{"ancestorTitles":["Oracle IR Parser"],"fullName":"Oracle IR Parser parses standalone exile-top (no permission clause) into exile_top step","status":"passed","title":"parses standalone exile-top (no permission clause) into exile_top step","duration":0.3999999999998636,"failureMessages":[],"meta":{}},{"ancestorTitles":["Oracle IR Parser"],"fullName":"Oracle IR Parser parses standalone exile-top for each player's library","status":"passed","title":"parses standalone exile-top for each player's library","duration":0.4293999999999869,"failureMessages":[],"meta":{}},{"ancestorTitles":["Oracle IR Parser"],"fullName":"Oracle IR Parser parses exile_top from triggered ability effect text","status":"passed","title":"parses exile_top from triggered ability effect text","duration":0.4170999999998912,"failureMessages":[],"meta":{}},{"ancestorTitles":["Oracle IR Parser"],"fullName":"Oracle IR Parser parses exile_top from replacement effect (instead pattern)","status":"passed","title":"parses exile_top from replacement effect (instead pattern)","duration":0.5535999999999603,"failureMessages":[],"meta":{}},{"ancestorTitles":["Oracle IR Parser"],"fullName":"Oracle IR Parser parses impulse exile-top with this-turn permission","status":"passed","title":"parses impulse exile-top with this-turn permission","duration":0.6180000000001655,"failureMessages":[],"meta":{}},{"ancestorTitles":["Oracle IR Parser"],"fullName":"Oracle IR Parser upgrades exile_top into impulse when permission is conditional \"If you don't, you may play ...\"","status":"passed","title":"upgrades exile_top into impulse when permission is conditional \"If you don't, you may play ...\"","duration":0.624599999999873,"failureMessages":[],"meta":{}},{"ancestorTitles":["Oracle IR Parser"],"fullName":"Oracle IR Parser upgrades exile_top into impulse for Spark of Creativity-style conditional permission","status":"passed","title":"upgrades exile_top into impulse for Spark of Creativity-style conditional permission","duration":2.129599999999982,"failureMessages":[],"meta":{}},{"ancestorTitles":["Oracle IR Parser"],"fullName":"Oracle IR Parser upgrades exile_top into impulse for Synth Eradicator-style energy-or-play branch","status":"passed","title":"upgrades exile_top into impulse for Synth Eradicator-style energy-or-play branch","duration":2.276200000000017,"failureMessages":[],"meta":{}},{"ancestorTitles":["Oracle IR Parser"],"fullName":"Oracle IR Parser upgrades exile_top into impulse for The Great Juggernaut-style free-play rider","status":"passed","title":"upgrades exile_top into impulse for The Great Juggernaut-style free-play rider","duration":1.3670999999999367,"failureMessages":[],"meta":{}},{"ancestorTitles":["Oracle IR Parser"],"fullName":"Oracle IR Parser upgrades exile_top into impulse for Bruse Tarl-style otherwise-cast permission","status":"passed","title":"upgrades exile_top into impulse for Bruse Tarl-style otherwise-cast permission","duration":2.8161999999999807,"failureMessages":[],"meta":{}},{"ancestorTitles":["Oracle IR Parser"],"fullName":"Oracle IR Parser upgrades optional exile_top into impulse and preserves optional metadata","status":"passed","title":"upgrades optional exile_top into impulse and preserves optional metadata","duration":0.8813000000000102,"failureMessages":[],"meta":{}},{"ancestorTitles":["Oracle IR Parser"],"fullName":"Oracle IR Parser parses impulse exile-top with until-you-exile-another duration","status":"passed","title":"parses impulse exile-top with until-you-exile-another duration","duration":0.9848999999999251,"failureMessages":[],"meta":{}},{"ancestorTitles":["Oracle IR Parser"],"fullName":"Oracle IR Parser p
[...]
ed clause","status":"passed","title":"merges Sunbird's Invocation bottom-random tails into the cast-from-revealed clause","duration":2.195900000000165,"failureMessages":[],"meta":{}},{"ancestorTitles":["Oracle IR Parser"],"fullName":"Oracle IR Parser merges Forging the Anchor bottom-random tails into the reveal-and-take clause","status":"passed","title":"merges Forging the Anchor bottom-random tails into the reveal-and-take clause","duration":1.967200000000048,"failureMessages":[],"meta":{}},{"ancestorTitles":["Oracle IR Parser"],"fullName":"Oracle IR Parser merges bottom-random tails after parsed top-library exile choices that use one of those cards wording","status":"passed","title":"merges bottom-random tails after parsed top-library exile choices that use one of those cards wording","duration":2.505899999999883,"failureMessages":[],"meta":{}},{"ancestorTitles":["Oracle IR Parser"],"fullName":"Oracle IR Parser merges bottom-random tails after impulse followups with intervening if-you-don't clauses","status":"passed","title":"merges bottom-random tails after impulse followups with intervening if-you-don't clauses","duration":2.219100000000026,"failureMessages":[],"meta":{}},{"ancestorTitles":["Oracle IR Parser"],"fullName":"Oracle IR Parser merges Garruk's Harbinger bottom-random tails after that-many top-library leads","status":"passed","title":"merges Garruk's Harbinger bottom-random tails after that-many top-library leads","duration":2.0031000000001313,"failureMessages":[],"meta":{}},{"ancestorTitles":["Oracle IR Parser"],"fullName":"Oracle IR Parser merges Industrial Advancement bottom-random tails after If you do top-library leads","status":"passed","title":"merges Industrial Advancement bottom-random tails after If you do top-library leads","duration":3.02370000000019,"failureMessages":[],"meta":{}},{"ancestorTitles":["Oracle IR Parser"],"fullName":"Oracle IR Parser merges Key to the Vault bottom-random tails without swallowing the later free-cast followup","status":"passed","title":"merges Key to the Vault bottom-random tails without swallowing the later free-cast followup","duration":2.284400000000005,"failureMessages":[],"meta":{}},{"ancestorTitles":["Oracle IR Parser"],"fullName":"Oracle IR Parser parses Corpse Appraiser into a conditional look-select-top follow-up after the graveyard exile","status":"passed","title":"parses Corpse Appraiser into a conditional look-select-top follow-up after the graveyard exile","duration":1.8596000000002277,"failureMessages":[],"meta":{}},{"ancestorTitles":["Oracle IR Parser"],"fullName":"Oracle IR Parser parses Rocket-Powered Goblin Glider into an attach step behind its graveyard provenance gate","status":"passed","title":"parses Rocket-Powered Goblin Glider into an attach step behind its graveyard provenance gate","duration":0.8191999999999098,"failureMessages":[],"meta":{}},{"ancestorTitles":["Oracle IR Parser"],"fullName":"Oracle IR Parser parses leave-battlefield exile riders into an explicit replacement-grant step","status":"passed","title":"parses leave-battlefield exile riders into an explicit replacement-grant step","duration":2.114599999999882,"failureMessages":[],"meta":{}},{"ancestorTitles":["Oracle IR Parser"],"fullName":"Oracle IR Parser parses random graveyard returns as move_zone selectors that preserve the at-random qualifier","status":"passed","title":"parses random graveyard returns as move_zone selectors that preserve the at-random qualifier","duration":1.2484000000004016,"failureMessages":[],"meta":{}},{"ancestorTitles":["Oracle IR Parser"],"fullName":"Oracle IR Parser parses Moira and Teshar leave-battlefield exile riders into an explicit replacement-grant step","status":"passed","title":"parses Moira and Teshar leave-battlefield exile riders into an explicit replacement-grant step","duration":2.0477999999998246,"failureMessages":[],"meta":{}},{"ancestorTitles":["Oracle IR Parser"],"fullName":"Oracle IR Parser parses Desdemona, Freedom's Edge as a targeted graveyard permission grant with qualifiers","status":"passed","title":"parses Desdemona, Freedom's Edge as a targeted graveyard permission grant with qualifiers","duration":2.3303000000000793,"failureMessages":[],"meta":{}},{"ancestorTitles":["Oracle IR Parser"],"fullName":"Oracle IR Parser parses Gravecrawler into an as-long-as conditional graveyard permission step","status":"passed","title":"parses Gravecrawler into an as-long-as conditional graveyard permission step","duration":1.1570000000001528,"failureMessages":[],"meta":{}},{"ancestorTitles":["Oracle IR Parser"],"fullName":"Oracle IR Parser prunes timing-rules reminder tails once a permission step has been lowered","status":"passed","title":"prunes timing-rules reminder tails once a permission step has been lowered","duration":2.2285000000001673,"failureMessages":[],"meta":{}},{"ancestorTitles":["Oracle IR Parser"],"fullName":"Oracle IR Parser splits Restless Cottage style create-token-plus-graveyard-exile clauses into ordered steps","status":"passed","title":"splits Restless Cottage style create-token-plus-graveyard-exile clauses into ordered steps","duration":1.6666000000000167,"failureMessages":[],"meta":{}},{"ancestorTitles":["Oracle IR Parser"],"fullName":"Oracle IR Parser parses Diregraf Scavenger typed exiled-this-way follow-ups into conditional branches","status":"passed","title":"parses Diregraf Scavenger typed exiled-this-way follow-ups into conditional branches","duration":2.1048000000000684,"failureMessages":[],"meta":{}},{"ancestorTitles":["Oracle IR Parser"],"fullName":"Oracle IR Parser parses Corpse Appraiser exile gate into conditional draw-plus-mill follow-up","status":"passed","title":"parses Corpse Appraiser exile gate into conditional draw-plus-mill follow-up","duration":2.042500000000018,"failureMessages":[],"meta":{}},{"ancestorTitles":["Oracle IR Parser"],"fullName":"Oracle IR Parser parses Klothys land and otherwise branches with mana choice support","status":"passed","title":"parses Klothys land and otherwise branches with mana choice support","duration":2.3442999999997483,"failureMessages":[],"meta":{}},{"ancestorTitles":["Oracle IR Parser"],"fullName":"Oracle IR Parser parses Deathgorge Scavenger noncreature exile follow-up into a conditional self modify-pt branch","status":"passed","title":"parses Deathgorge Scavenger noncreature exile follow-up into a conditional self modify-pt branch","duration":1.8478000000000065,"failureMessages":[],"meta":{}},{"ancestorTitles":["Oracle IR Parser"],"fullName":"Oracle IR Parser splits graveyard exile plus immediate self counter clauses into ordered move-zone and add-counter steps","status":"passed","title":"splits graveyard exile plus immediate self counter clauses into ordered move-zone and add-counter steps","duration":1.1404999999999745,"failureMessages":[],"meta":{}},{"ancestorTitles":["Oracle IR Parser"],"fullName":"Oracle IR Parser parses Keen-Eyed Curator exile follow-up into a conditional add-counter branch","status":"passed","title":"parses Keen-Eyed Curator exile follow-up into a conditional add-counter branch","duration":1.4711999999999534,"failureMessages":[],"meta":{}},{"ancestorTitles":["Oracle IR Parser"],"fullName":"Oracle IR Parser parses Conversion Chamber follow-up charge counter clauses into add-counter steps","status":"passed","title":"parses Conversion Chamber follow-up charge counter clauses into add-counter steps","duration":1.7636999999999716,"failureMessages":[],"meta":{}},{"ancestorTitles":["Oracle IR Parser"],"fullName":"Oracle IR Parser parses Lara Croft exile plus discovery-counter follow-up into ordered steps","status":"passed","title":"parses Lara Croft exile plus discovery-counter follow-up into ordered steps","duration":1.3380999999999403,"failureMessages":[],"meta":{}},{"ancestorTitles":["Oracle IR Parser"],"fullName":"Oracle IR Parser parses Lazav, Wearer of Faces exile-then-investigate into ordered steps","status":"passed","title":"parses Lazav, Wearer of Faces exile-then-investigate into ordered steps","duration":1.0994999999998072,"failureMessages":[],"meta":{}},{"ancestorTitles":["Oracle IR Parser"],"fullName":"Oracle IR Parser parses Mastermind Plum type-checked Treasure follow-up into a conditional branch","status":"passed","title":"parses Mastermind Plum type-checked Treasure follow-up into a conditional branch","duration":1.3127000000004045,"failureMessages":[],"meta":{}},{"ancestorTitles":["Oracle IR Parser"],"fullName":"Oracle IR Parser parses Misfortune Teller multi-branch exiled-card type follow-ups","status":"passed","title":"parses Misfortune Teller multi-branch exiled-card type follow-ups","duration":2.927400000000034,"failureMessages":[],"meta":{}},{"ancestorTitles":["Oracle IR Parser"],"fullName":"Oracle IR Parser parses Selesnya Eulogist exile-then-populate into ordered steps","status":"passed","title":"parses Selesnya Eulogist exile-then-populate into ordered steps","duration":1.0446999999999207,"failureMessages":[],"meta":{}},{"ancestorTitles":["Oracle IR Parser"],"fullName":"Oracle IR Parser parses Selfless Exorcist exile plus moved-card power damage follow-up","status":"passed","title":"parses Selfless Exorcist exile plus moved-card power damage follow-up","duration":1.1674000000002707,"failureMessages":[],"meta":{}},{"ancestorTitles":["Oracle IR Parser"],"fullName":"Oracle IR Parser parses creature-source damage clauses with a structured source selector and power amount","status":"passed","title":"parses creature-source damage clauses with a structured source selector and power amount","duration":1.0515999999997803,"failureMessages":[],"meta":{}},{"ancestorTitles":["Oracle IR Parser"],"fullName":"Oracle IR Parser parses Morbid Bloom exile-then-token-count from exiled toughness","status":"passed","title":"parses Morbid Bloom exile-then-token-count from exiled toughness","duration":1.1545000000000982,"failureMessages":[],"meta":{}},{"ancestorTitles":["Oracle IR Parser"],"fullName":"Oracle IR Parser parses Lara Croft, Tomb Raider exile plus discovery-counter follow-up into ordered steps","status":"passed","title":"parses Lara Croft, Tomb Raider exile plus discovery-counter follow-up into ordered steps","duration":1.0652000000000044,"failureMessages":[],"meta":{}},{"ancestorTitles":["Oracle IR Parser"],"fullName":"Oracle IR Parser parses The Animus graveyard target with a memory counter requirement","status":"passed","title":"parses The Animus graveyard target with a memory counter requirement","duration":0.6264000000001033,"failureMessages":[],"meta":{}},{"ancestorTitles":["Oracle IR Parser"],"fullName":"Oracle IR Parser parses Mirror Golem imprint text into a triggered exile step","status":"passed","title":"parses Mirror Golem imprint text into a triggered exile step","duration":2.6404999999999745,"failureMessages":[],"meta":{}},{"ancestorTitles":["Oracle IR Parser"],"fullName":"Oracle IR Parser parses Mourner's Shield into an activated prevent-damage step","status":"passed","title":"parses Mourner's Shield into an activated prevent-damage step","duration":1.3383000000003449,"failureMessages":[],"meta":{}},{"ancestorTitles":["Oracle IR Parser"],"fullName":"Oracle IR Parser parses Psionic Ritual into exile plus copied-spell replay steps","status":"passed","title":"parses Psionic Ritual into exile plus copied-spell replay steps","duration":1.655399999999645,"failureMessages":[],"meta":{}},{"ancestorTitles":["Oracle IR Parser"],"fullName":"Oracle IR Parser merges trailing copy retarget text into graveyard copy-spell replay steps","status":"passed","title":"merges trailing copy retarget text into graveyard copy-spell replay steps","duration":2.061899999999696,"failureMessages":[],"meta":{}},{"ancestorTitles":["Oracle IR Parser"],"fullName":"Oracle IR Parser parses Copy that card plus free-cast followup into a last_moved_card copy_spell step","status":"passed","title":"parses Copy that card plus free-cast followup into a last_moved_card copy_spell step","duration":1.6123999999999796,"failureMessages":[],"meta":{}},{"ancestorTitles":["Oracle IR Parser"],"fullName":"Oracle IR Parser parses Wizard's Spellbook into exile, roll_die, and die-roll result branches","status":"failed","title":"parses Wizard's Spellbook into exile, roll_die, and die-roll result branches","duration":5.4802999999997155,"failureMessages":["AssertionError: expected [ { kind: 'move_zone', …(4) }, …(7) ] to deeply equal [ ObjectContaining{…}, …(2) ]\n    at D:/Git/MTGEDH/rules-engine/test/oracleIRParser.test.ts:12497:38\n    at file:///D:/Git/MTGEDH/node_modules/@vitest/runner/dist/index.js:145:11\n    at file:///D:/Git/MTGEDH/node_modules/@vitest/runner/dist/index.js:915:26\n    at file:///D:/Git/MTGEDH/node_modules/@vitest/runner/dist/index.js:1243:20\n    at new Promise (<anonymous>)\n    at runWithTimeout (file:///D:/Git/MTGEDH/node_modules/@vitest/runner/dist/index.js:1209:10)\n    at file:///D:/Git/MTGEDH/node_modules/@vitest/runner/dist/index.js:1653:37\n    at Traces.$ (file:///D:/Git/MTGEDH/node_modules/vitest/dist/chunks/traces.U4xDYhzZ.js:115:27)\n    at trace (file:///D:/Git/MTGEDH/node_modules/vitest/dist/chunks/test.B8ej_ZHS.js:239:21)\n    at runTest (file:///D:/Git/MTGEDH/node_modules/@vitest/runner/dist/index.js:1653:12)"],"meta":{}},{"ancestorTitles":["Oracle IR Parser"],"fullName":"Oracle IR Parser parses flattened inline Wizard's Spellbook text into exile, roll_die, and die-roll result branches","status":"failed","title":"parses flattened inline Wizard's Spellbook text into exile, roll_die, and die-roll result branches","duration":5.218600000000151,"failureMessages":["AssertionError: expected [ { type: 'activated', …(6) }, …(3) ] to have a length of 1 but got 4\n    at Proxy.<anonymous> (file:///D:/Git/MTGEDH/node_modules/@vitest/expect/dist/index.js:1322:20)\n    at Proxy.<anonymous> (file:///D:/Git/MTGEDH/node_modules/@vitest/expect/dist/index.js:1090:14)\n    at Proxy.methodWrapper (file:///D:/Git/MTGEDH/node_modules/chai/index.js:1700:25)\n    at D:/Git/MTGEDH/rules-engine/test/oracleIRParser.test.ts:12539:28\n    at file:///D:/Git/MTGEDH/node_modules/@vitest/runner/dist/index.js:145:11\n    at file:///D:/Git/MTGEDH/node_modules/@vitest/runner/dist/index.js:915:26\n    at file:///D:/Git/MTGEDH/node_modules/@vitest/runner/dist/index.js:1243:20\n    at new Promise (<anonymous>)\n    at runWithTimeout (file:///D:/Git/MTGEDH/node_modules/@vitest/runner/dist/index.js:1209:10)\n    at file:///D:/Git/MTGEDH/node_modules/@vitest/runner/dist/index.js:1653:37"],"meta":{}},{"ancestorTitles":["Oracle IR Parser"],"fullName":"Oracle IR Parser parses The Many Deeds of Belzenlok into merged move-zone plus copied chapter abilities","status":"passed","title":"parses The Many Deeds of Belzenlok into merged move-zone plus copied chapter abilities","duration":2.647399999999834,"failureMessages":[],"meta":{}},{"ancestorTitles":["Oracle IR Parser"],"fullName":"Oracle IR Parser parses Ashcloud Phoenix into a face-down battlefield return step","status":"passed","title":"parses Ashcloud Phoenix into a face-down battlefield return step","duration":1.1739999999999782,"failureMessages":[],"meta":{}},{"ancestorTitles":["Oracle IR Parser"],"fullName":"Oracle IR Parser parses Missy into a tapped face-down battlefield return step","status":"passed","title":"parses Missy into a tapped face-down battlefield return step","duration":0.7354999999997744,"failureMessages":[],"meta":{}},{"ancestorTitles":["Oracle IR Parser"],"fullName":"Oracle IR Parser parses Yarus into a conditional face-down return followed by a turn-face-up step","status":"passed","title":"parses Yarus into a conditional face-down return followed by a turn-face-up step","duration":1.2031000000001768,"failureMessages":[],"meta":{}},{"ancestorTitles":["Oracle IR Parser"],"fullName":"Oracle IR Parser parses Vincent's Limit Break as a tiered choose_mode with temporary dies and base P/T modes","status":"passed","title":"parses Vincent's Limit Break as a tiered choose_mode with temporary dies and base P/T modes","duration":4.621599999999944,"failureMessages":[],"meta":{}},{"ancestorTitles":["Oracle IR Parser"],"fullName":"Oracle IR Parser parses Grixis Sojourners as two triggered exile abilities plus cycling","status":"passed","title":"parses Grixis Sojourners as two triggered exile abilities plus cycling","duration":2.001300000000356,"failureMessages":[],"meta":{}},{"ancestorTitles":["Oracle IR Parser"],"fullName":"Oracle IR Parser parses Equip as an attach activation instead of a dead keyword stub","status":"passed","title":"parses Equip as an attach activation instead of a dead keyword stub","duration":1.286200000000008,"failureMessages":[],"meta":{}},{"ancestorTitles":["Oracle IR Parser"],"fullName":"Oracle IR Parser parses Outlast as an add-counter activation instead of a dead keyword stub","status":"passed","title":"parses Outlast as an add-counter activation instead of a dead keyword stub","duration":1.1129000000000815,"failureMessages":[],"meta":{}},{"ancestorTitles":["Oracle IR Parser"],"fullName":"Oracle IR Parser parses Level up as an add-counter activation instead of a dead keyword stub","status":"passed","title":"parses Level up as an add-counter activation instead of a dead keyword stub","duration":1.071400000000267,"failureMessages":[],"meta":{}},{"ancestorTitles":["Oracle IR Parser"],"fullName":"Oracle IR Parser parses Reinforce as an explicit discard activation instead of a dead keyword stub","status":"passed","title":"parses Reinforce as an explicit discard activation instead of a dead keyword stub","duration":0.6979999999998654,"failureMessages":[],"meta":{}},{"ancestorTitles":["Oracle IR Parser"],"fullName":"Oracle IR Parser parses Scavenge as an exile-plus-counters activation instead of a dead keyword stub","status":"passed","title":"parses Scavenge as an exile-plus-counters activation instead of a dead keyword stub","duration":1.082600000000184,"failureMessages":[],"meta":{}},{"ancestorTitles":["Oracle IR Parser"],"fullName":"Oracle IR Parser parses Embalm as an exile-plus-copy-token activation instead of a dead keyword stub","status":"passed","title":"parses Embalm as an exile-plus-copy-token activation instead of a dead keyword stub","duration":1.2941000000000713,"failureMessages":[],"meta":{}},{"ancestorTitles":["Oracle IR Parser"],"fullName":"Oracle IR Parser parses Eternalize as an exile-plus-copy-token activation instead of a dead keyword stub","status":"passed","title":"parses Eternalize as an exile-plus-copy-token activation instead of a dead keyword stub","duration":1.2767000000003463,"failureMessages":[],"meta":{}},{"ancestorTitles":["Oracle IR Parser"],"fullName":"Oracle IR Parser parses Replicate as an explicit cast-copy keyword line instead of a dead keyword stub","status":"passed","title":"parses Replicate as an explicit cast-copy keyword line instead of a dead keyword stub","duration":1.5153000000000247,"failureMessages":[],"meta":{}},{"ancestorTitles":["Oracle IR Parser"],"fullName":"Oracle IR Parser parses Fortify as an attach activation instead of a dead keyword stub","status":"passed","title":"parses Fortify as an attach activation instead of a dead keyword stub","duration":1.0853000000001884,"failureMessages":[],"meta":{}},{"ancestorTitles":["Oracle IR Parser"],"fullName":"Oracle IR Parser parses Channel as a discard activation with executable effect text","status":"passed","title":"parses Channel as a discard activation with executable effect text","duration":0.6729000000000269,"failureMessages":[],"meta":{}},{"ancestorTitles":["Oracle IR Parser"],"fullName":"Oracle IR Parser parses Exhaust as an executable mana ability instead of a dead keyword stub","status":"passed","title":"parses Exhaust as an executable mana ability instead of a dead keyword stub","duration":1.1453999999998814,"failureMessages":[],"meta":{}}],"startTime":1776791814537,"endTime":1776791815821.1455,"status":"failed","message":"","name":"D:/Git/MTGEDH/rules-engine/test/oracleIRParser.test.ts"}]}